The system is: Linux - 5.4.0-86-generic - x86_64
Compiling the C compiler identification source file "CMakeCCompilerId.c" succeeded.
Compiler: /usr/bin/cc 
Build flags: 
Id flags:  

The output was:
0


Compilation of the C compiler identification source "CMakeCCompilerId.c" produced "a.out"

The C compiler identification is GNU, found in "/root/mumble/build/CMakeFiles/3.16.3/CompilerIdC/a.out"

Compiling the CXX compiler identification source file "CMakeCXXCompilerId.cpp" succeeded.
Compiler: /usr/bin/c++ 
Build flags: 
Id flags:  

The output was:
0


Compilation of the CXX compiler identification source "CMakeCXXCompilerId.cpp" produced "a.out"

The CXX compiler identification is GNU, found in "/root/mumble/build/CMakeFiles/3.16.3/CompilerIdCXX/a.out"

Determining if the C compiler works passed with the following output:
Change Dir: /root/mumble/build/CMakeFiles/CMakeTmp

Run Build Command(s):/usr/bin/make cmTC_f4816/fast && /usr/bin/make -f CMakeFiles/cmTC_f4816.dir/build.make CMakeFiles/cmTC_f4816.dir/build
make[1] : on entre dans le répertoire « /root/mumble/build/CMakeFiles/CMakeTmp »
Building C object CMakeFiles/cmTC_f4816.dir/testCCompiler.c.o
/usr/bin/cc    -o CMakeFiles/cmTC_f4816.dir/testCCompiler.c.o   -c /root/mumble/build/CMakeFiles/CMakeTmp/testCCompiler.c
Linking C executable cmTC_f4816
/usr/bin/cmake -E cmake_link_script CMakeFiles/cmTC_f4816.dir/link.txt --verbose=1
/usr/bin/cc      CMakeFiles/cmTC_f4816.dir/testCCompiler.c.o  -o cmTC_f4816 
make[1] : on quitte le répertoire « /root/mumble/build/CMakeFiles/CMakeTmp »



Detecting C compiler ABI info compiled with the following output:
Change Dir: /root/mumble/build/CMakeFiles/CMakeTmp

Run Build Command(s):/usr/bin/make cmTC_ea9d8/fast && /usr/bin/make -f CMakeFiles/cmTC_ea9d8.dir/build.make CMakeFiles/cmTC_ea9d8.dir/build
make[1]: Entering directory '/root/mumble/build/CMakeFiles/CMakeTmp'
Building C object CMakeFiles/cmTC_ea9d8.dir/CMakeCCompilerABI.c.o
/usr/bin/cc   -v -o CMakeFiles/cmTC_ea9d8.dir/CMakeCCompilerABI.c.o   -c /usr/share/cmake-3.16/Modules/CMakeCCompilerABI.c
Using built-in specs.
COLLECT_GCC=/usr/bin/cc
OFFLOAD_TARGET_NAMES=nvptx-none:hsa
OFFLOAD_TARGET_DEFAULT=1
Target: x86_64-linux-gnu
Configured with: ../src/configure -v --with-pkgversion='Ubuntu 9.3.0-17ubuntu1~20.04' --with-bugurl=file:///usr/share/doc/gcc-9/README.Bugs --enable-languages=c,ada,c++,go,brig,d,fortran,objc,obj-c++,gm2 --prefix=/usr --with-gcc-major-version-only --program-suffix=-9 --program-prefix=x86_64-linux-gnu- --enable-shared --enable-linker-build-id --libexecdir=/usr/lib --without-included-gettext --enable-threads=posix --libdir=/usr/lib --enable-nls --enable-clocale=gnu --enable-libstdcxx-debug --enable-libstdcxx-time=yes --with-default-libstdcxx-abi=new --enable-gnu-unique-object --disable-vtable-verify --enable-plugin --enable-default-pie --with-system-zlib --with-target-system-zlib=auto --enable-objc-gc=auto --enable-multiarch --disable-werror --with-arch-32=i686 --with-abi=m64 --with-multilib-list=m32,m64,mx32 --enable-multilib --with-tune=generic --enable-offload-targets=nvptx-none=/build/gcc-9-HskZEa/gcc-9-9.3.0/debian/tmp-nvptx/usr,hsa --without-cuda-driver --enable-checking=release --build=x86_64-linux-gnu --host=x86_64-linux-gnu --target=x86_64-linux-gnu
Thread model: posix
gcc version 9.3.0 (Ubuntu 9.3.0-17ubuntu1~20.04) 
COLLECT_GCC_OPTIONS='-v' '-o' 'CMakeFiles/cmTC_ea9d8.dir/CMakeCCompilerABI.c.o' '-c' '-mtune=generic' '-march=x86-64'
 /usr/lib/gcc/x86_64-linux-gnu/9/cc1 -quiet -v -imultiarch x86_64-linux-gnu /usr/share/cmake-3.16/Modules/CMakeCCompilerABI.c -quiet -dumpbase CMakeCCompilerABI.c -mtune=generic -march=x86-64 -auxbase-strip CMakeFiles/cmTC_ea9d8.dir/CMakeCCompilerABI.c.o -version -fasynchronous-unwind-tables -fstack-protector-strong -Wformat -Wformat-security -fstack-clash-protection -fcf-protection -o /tmp/ccHXaTKK.s
GNU C17 (Ubuntu 9.3.0-17ubuntu1~20.04) version 9.3.0 (x86_64-linux-gnu)
	compiled by GNU C version 9.3.0, GMP version 6.2.0, MPFR version 4.0.2, MPC version 1.1.0, isl version isl-0.22.1-GMP

GGC heuristics: --param ggc-min-expand=100 --param ggc-min-heapsize=131072
ignoring nonexistent directory "/usr/local/include/x86_64-linux-gnu"
ignoring nonexistent directory "/usr/lib/gcc/x86_64-linux-gnu/9/include-fixed"
ignoring nonexistent directory "/usr/lib/gcc/x86_64-linux-gnu/9/../../../../x86_64-linux-gnu/include"
#include "..." search starts here:
#include <...> search starts here:
 /usr/lib/gcc/x86_64-linux-gnu/9/include
 /usr/local/include
 /usr/include/x86_64-linux-gnu
 /usr/include
End of search list.
GNU C17 (Ubuntu 9.3.0-17ubuntu1~20.04) version 9.3.0 (x86_64-linux-gnu)
	compiled by GNU C version 9.3.0, GMP version 6.2.0, MPFR version 4.0.2, MPC version 1.1.0, isl version isl-0.22.1-GMP

GGC heuristics: --param ggc-min-expand=100 --param ggc-min-heapsize=131072
Compiler executable checksum: bbf13931d8de1abe14040c9909cb6969
COLLECT_GCC_OPTIONS='-v' '-o' 'CMakeFiles/cmTC_ea9d8.dir/CMakeCCompilerABI.c.o' '-c' '-mtune=generic' '-march=x86-64'
 as -v --64 -o CMakeFiles/cmTC_ea9d8.dir/CMakeCCompilerABI.c.o /tmp/ccHXaTKK.s
GNU assembler version 2.34 (x86_64-linux-gnu) using BFD version (GNU Binutils for Ubuntu) 2.34
COMPILER_PATH=/usr/lib/gcc/x86_64-linux-gnu/9/:/usr/lib/gcc/x86_64-linux-gnu/9/:/usr/lib/gcc/x86_64-linux-gnu/:/usr/lib/gcc/x86_64-linux-gnu/9/:/usr/lib/gcc/x86_64-linux-gnu/
LIBRARY_PATH=/usr/lib/gcc/x86_64-linux-gnu/9/:/usr/lib/gcc/x86_64-linux-gnu/9/../../../x86_64-linux-gnu/:/usr/lib/gcc/x86_64-linux-gnu/9/../../../../lib/:/lib/x86_64-linux-gnu/:/lib/../lib/:/usr/lib/x86_64-linux-gnu/:/usr/lib/../lib/:/usr/lib/gcc/x86_64-linux-gnu/9/../../../:/lib/:/usr/lib/
COLLECT_GCC_OPTIONS='-v' '-o' 'CMakeFiles/cmTC_ea9d8.dir/CMakeCCompilerABI.c.o' '-c' '-mtune=generic' '-march=x86-64'
Linking C executable cmTC_ea9d8
/usr/bin/cmake -E cmake_link_script CMakeFiles/cmTC_ea9d8.dir/link.txt --verbose=1
/usr/bin/cc     -v CMakeFiles/cmTC_ea9d8.dir/CMakeCCompilerABI.c.o  -o cmTC_ea9d8 
Using built-in specs.
COLLECT_GCC=/usr/bin/cc
COLLECT_LTO_WRAPPER=/usr/lib/gcc/x86_64-linux-gnu/9/lto-wrapper
OFFLOAD_TARGET_NAMES=nvptx-none:hsa
OFFLOAD_TARGET_DEFAULT=1
Target: x86_64-linux-gnu
Configured with: ../src/configure -v --with-pkgversion='Ubuntu 9.3.0-17ubuntu1~20.04' --with-bugurl=file:///usr/share/doc/gcc-9/README.Bugs --enable-languages=c,ada,c++,go,brig,d,fortran,objc,obj-c++,gm2 --prefix=/usr --with-gcc-major-version-only --program-suffix=-9 --program-prefix=x86_64-linux-gnu- --enable-shared --enable-linker-build-id --libexecdir=/usr/lib --without-included-gettext --enable-threads=posix --libdir=/usr/lib --enable-nls --enable-clocale=gnu --enable-libstdcxx-debug --enable-libstdcxx-time=yes --with-default-libstdcxx-abi=new --enable-gnu-unique-object --disable-vtable-verify --enable-plugin --enable-default-pie --with-system-zlib --with-target-system-zlib=auto --enable-objc-gc=auto --enable-multiarch --disable-werror --with-arch-32=i686 --with-abi=m64 --with-multilib-list=m32,m64,mx32 --enable-multilib --with-tune=generic --enable-offload-targets=nvptx-none=/build/gcc-9-HskZEa/gcc-9-9.3.0/debian/tmp-nvptx/usr,hsa --without-cuda-driver --enable-checking=release --build=x86_64-linux-gnu --host=x86_64-linux-gnu --target=x86_64-linux-gnu
Thread model: posix
gcc version 9.3.0 (Ubuntu 9.3.0-17ubuntu1~20.04) 
COMPILER_PATH=/usr/lib/gcc/x86_64-linux-gnu/9/:/usr/lib/gcc/x86_64-linux-gnu/9/:/usr/lib/gcc/x86_64-linux-gnu/:/usr/lib/gcc/x86_64-linux-gnu/9/:/usr/lib/gcc/x86_64-linux-gnu/
LIBRARY_PATH=/usr/lib/gcc/x86_64-linux-gnu/9/:/usr/lib/gcc/x86_64-linux-gnu/9/../../../x86_64-linux-gnu/:/usr/lib/gcc/x86_64-linux-gnu/9/../../../../lib/:/lib/x86_64-linux-gnu/:/lib/../lib/:/usr/lib/x86_64-linux-gnu/:/usr/lib/../lib/:/usr/lib/gcc/x86_64-linux-gnu/9/../../../:/lib/:/usr/lib/
COLLECT_GCC_OPTIONS='-v' '-o' 'cmTC_ea9d8' '-mtune=generic' '-march=x86-64'
 /usr/lib/gcc/x86_64-linux-gnu/9/collect2 -plugin /usr/lib/gcc/x86_64-linux-gnu/9/liblto_plugin.so -plugin-opt=/usr/lib/gcc/x86_64-linux-gnu/9/lto-wrapper -plugin-opt=-fresolution=/tmp/cc3vcvqt.res -plugin-opt=-pass-through=-lgcc -plugin-opt=-pass-through=-lgcc_s -plugin-opt=-pass-through=-lc -plugin-opt=-pass-through=-lgcc -plugin-opt=-pass-through=-lgcc_s --build-id --eh-frame-hdr -m elf_x86_64 --hash-style=gnu --as-needed -dynamic-linker /lib64/ld-linux-x86-64.so.2 -pie -z now -z relro -o cmTC_ea9d8 /usr/lib/gcc/x86_64-linux-gnu/9/../../../x86_64-linux-gnu/Scrt1.o /usr/lib/gcc/x86_64-linux-gnu/9/../../../x86_64-linux-gnu/crti.o /usr/lib/gcc/x86_64-linux-gnu/9/crtbeginS.o -L/usr/lib/gcc/x86_64-linux-gnu/9 -L/usr/lib/gcc/x86_64-linux-gnu/9/../../../x86_64-linux-gnu -L/usr/lib/gcc/x86_64-linux-gnu/9/../../../../lib -L/lib/x86_64-linux-gnu -L/lib/../lib -L/usr/lib/x86_64-linux-gnu -L/usr/lib/../lib -L/usr/lib/gcc/x86_64-linux-gnu/9/../../.. CMakeFiles/cmTC_ea9d8.dir/CMakeCCompilerABI.c.o -lgcc --push-state --as-needed -lgcc_s --pop-state -lc -lgcc --push-state --as-needed -lgcc_s --pop-state /usr/lib/gcc/x86_64-linux-gnu/9/crtendS.o /usr/lib/gcc/x86_64-linux-gnu/9/../../../x86_64-linux-gnu/crtn.o
COLLECT_GCC_OPTIONS='-v' '-o' 'cmTC_ea9d8' '-mtune=generic' '-march=x86-64'
make[1]: Leaving directory '/root/mumble/build/CMakeFiles/CMakeTmp'



Parsed C implicit include dir info from above output: rv=done
  found start of include info
  found start of implicit include info
    add: [/usr/lib/gcc/x86_64-linux-gnu/9/include]
    add: [/usr/local/include]
    add: [/usr/include/x86_64-linux-gnu]
    add: [/usr/include]
  end of search list found
  collapse include dir [/usr/lib/gcc/x86_64-linux-gnu/9/include] ==> [/usr/lib/gcc/x86_64-linux-gnu/9/include]
  collapse include dir [/usr/local/include] ==> [/usr/local/include]
  collapse include dir [/usr/include/x86_64-linux-gnu] ==> [/usr/include/x86_64-linux-gnu]
  collapse include dir [/usr/include] ==> [/usr/include]
  implicit include dirs: [/usr/lib/gcc/x86_64-linux-gnu/9/include;/usr/local/include;/usr/include/x86_64-linux-gnu;/usr/include]


Parsed C implicit link information from above output:
  link line regex: [^( *|.*[/\])(ld|CMAKE_LINK_STARTFILE-NOTFOUND|([^/\]+-)?ld|collect2)[^/\]*( |$)]
  ignore line: [Change Dir: /root/mumble/build/CMakeFiles/CMakeTmp]
  ignore line: []
  ignore line: [Run Build Command(s):/usr/bin/make cmTC_ea9d8/fast && /usr/bin/make -f CMakeFiles/cmTC_ea9d8.dir/build.make CMakeFiles/cmTC_ea9d8.dir/build]
  ignore line: [make[1]: Entering directory '/root/mumble/build/CMakeFiles/CMakeTmp']
  ignore line: [Building C object CMakeFiles/cmTC_ea9d8.dir/CMakeCCompilerABI.c.o]
  ignore line: [/usr/bin/cc   -v -o CMakeFiles/cmTC_ea9d8.dir/CMakeCCompilerABI.c.o   -c /usr/share/cmake-3.16/Modules/CMakeCCompilerABI.c]
  ignore line: [Using built-in specs.]
  ignore line: [COLLECT_GCC=/usr/bin/cc]
  ignore line: [OFFLOAD_TARGET_NAMES=nvptx-none:hsa]
  ignore line: [OFFLOAD_TARGET_DEFAULT=1]
  ignore line: [Target: x86_64-linux-gnu]
  ignore line: [Configured with: ../src/configure -v --with-pkgversion='Ubuntu 9.3.0-17ubuntu1~20.04' --with-bugurl=file:///usr/share/doc/gcc-9/README.Bugs --enable-languages=c ada c++ go brig d fortran objc obj-c++ gm2 --prefix=/usr --with-gcc-major-version-only --program-suffix=-9 --program-prefix=x86_64-linux-gnu- --enable-shared --enable-linker-build-id --libexecdir=/usr/lib --without-included-gettext --enable-threads=posix --libdir=/usr/lib --enable-nls --enable-clocale=gnu --enable-libstdcxx-debug --enable-libstdcxx-time=yes --with-default-libstdcxx-abi=new --enable-gnu-unique-object --disable-vtable-verify --enable-plugin --enable-default-pie --with-system-zlib --with-target-system-zlib=auto --enable-objc-gc=auto --enable-multiarch --disable-werror --with-arch-32=i686 --with-abi=m64 --with-multilib-list=m32 m64 mx32 --enable-multilib --with-tune=generic --enable-offload-targets=nvptx-none=/build/gcc-9-HskZEa/gcc-9-9.3.0/debian/tmp-nvptx/usr hsa --without-cuda-driver --enable-checking=release --build=x86_64-linux-gnu --host=x86_64-linux-gnu --target=x86_64-linux-gnu]
  ignore line: [Thread model: posix]
  ignore line: [gcc version 9.3.0 (Ubuntu 9.3.0-17ubuntu1~20.04) ]
  ignore line: [COLLECT_GCC_OPTIONS='-v' '-o' 'CMakeFiles/cmTC_ea9d8.dir/CMakeCCompilerABI.c.o' '-c' '-mtune=generic' '-march=x86-64']
  ignore line: [ /usr/lib/gcc/x86_64-linux-gnu/9/cc1 -quiet -v -imultiarch x86_64-linux-gnu /usr/share/cmake-3.16/Modules/CMakeCCompilerABI.c -quiet -dumpbase CMakeCCompilerABI.c -mtune=generic -march=x86-64 -auxbase-strip CMakeFiles/cmTC_ea9d8.dir/CMakeCCompilerABI.c.o -version -fasynchronous-unwind-tables -fstack-protector-strong -Wformat -Wformat-security -fstack-clash-protection -fcf-protection -o /tmp/ccHXaTKK.s]
  ignore line: [GNU C17 (Ubuntu 9.3.0-17ubuntu1~20.04) version 9.3.0 (x86_64-linux-gnu)]
  ignore line: [	compiled by GNU C version 9.3.0  GMP version 6.2.0  MPFR version 4.0.2  MPC version 1.1.0  isl version isl-0.22.1-GMP]
  ignore line: []
  ignore line: [GGC heuristics: --param ggc-min-expand=100 --param ggc-min-heapsize=131072]
  ignore line: [ignoring nonexistent directory "/usr/local/include/x86_64-linux-gnu"]
  ignore line: [ignoring nonexistent directory "/usr/lib/gcc/x86_64-linux-gnu/9/include-fixed"]
  ignore line: [ignoring nonexistent directory "/usr/lib/gcc/x86_64-linux-gnu/9/../../../../x86_64-linux-gnu/include"]
  ignore line: [#include "..." search starts here:]
  ignore line: [#include <...> search starts here:]
  ignore line: [ /usr/lib/gcc/x86_64-linux-gnu/9/include]
  ignore line: [ /usr/local/include]
  ignore line: [ /usr/include/x86_64-linux-gnu]
  ignore line: [ /usr/include]
  ignore line: [End of search list.]
  ignore line: [GNU C17 (Ubuntu 9.3.0-17ubuntu1~20.04) version 9.3.0 (x86_64-linux-gnu)]
  ignore line: [	compiled by GNU C version 9.3.0  GMP version 6.2.0  MPFR version 4.0.2  MPC version 1.1.0  isl version isl-0.22.1-GMP]
  ignore line: []
  ignore line: [GGC heuristics: --param ggc-min-expand=100 --param ggc-min-heapsize=131072]
  ignore line: [Compiler executable checksum: bbf13931d8de1abe14040c9909cb6969]
  ignore line: [COLLECT_GCC_OPTIONS='-v' '-o' 'CMakeFiles/cmTC_ea9d8.dir/CMakeCCompilerABI.c.o' '-c' '-mtune=generic' '-march=x86-64']
  ignore line: [ as -v --64 -o CMakeFiles/cmTC_ea9d8.dir/CMakeCCompilerABI.c.o /tmp/ccHXaTKK.s]
  ignore line: [GNU assembler version 2.34 (x86_64-linux-gnu) using BFD version (GNU Binutils for Ubuntu) 2.34]
  ignore line: [COMPILER_PATH=/usr/lib/gcc/x86_64-linux-gnu/9/:/usr/lib/gcc/x86_64-linux-gnu/9/:/usr/lib/gcc/x86_64-linux-gnu/:/usr/lib/gcc/x86_64-linux-gnu/9/:/usr/lib/gcc/x86_64-linux-gnu/]
  ignore line: [LIBRARY_PATH=/usr/lib/gcc/x86_64-linux-gnu/9/:/usr/lib/gcc/x86_64-linux-gnu/9/../../../x86_64-linux-gnu/:/usr/lib/gcc/x86_64-linux-gnu/9/../../../../lib/:/lib/x86_64-linux-gnu/:/lib/../lib/:/usr/lib/x86_64-linux-gnu/:/usr/lib/../lib/:/usr/lib/gcc/x86_64-linux-gnu/9/../../../:/lib/:/usr/lib/]
  ignore line: [COLLECT_GCC_OPTIONS='-v' '-o' 'CMakeFiles/cmTC_ea9d8.dir/CMakeCCompilerABI.c.o' '-c' '-mtune=generic' '-march=x86-64']
  ignore line: [Linking C executable cmTC_ea9d8]
  ignore line: [/usr/bin/cmake -E cmake_link_script CMakeFiles/cmTC_ea9d8.dir/link.txt --verbose=1]
  ignore line: [/usr/bin/cc     -v CMakeFiles/cmTC_ea9d8.dir/CMakeCCompilerABI.c.o  -o cmTC_ea9d8 ]
  ignore line: [Using built-in specs.]
  ignore line: [COLLECT_GCC=/usr/bin/cc]
  ignore line: [COLLECT_LTO_WRAPPER=/usr/lib/gcc/x86_64-linux-gnu/9/lto-wrapper]
  ignore line: [OFFLOAD_TARGET_NAMES=nvptx-none:hsa]
  ignore line: [OFFLOAD_TARGET_DEFAULT=1]
  ignore line: [Target: x86_64-linux-gnu]
  ignore line: [Configured with: ../src/configure -v --with-pkgversion='Ubuntu 9.3.0-17ubuntu1~20.04' --with-bugurl=file:///usr/share/doc/gcc-9/README.Bugs --enable-languages=c ada c++ go brig d fortran objc obj-c++ gm2 --prefix=/usr --with-gcc-major-version-only --program-suffix=-9 --program-prefix=x86_64-linux-gnu- --enable-shared --enable-linker-build-id --libexecdir=/usr/lib --without-included-gettext --enable-threads=posix --libdir=/usr/lib --enable-nls --enable-clocale=gnu --enable-libstdcxx-debug --enable-libstdcxx-time=yes --with-default-libstdcxx-abi=new --enable-gnu-unique-object --disable-vtable-verify --enable-plugin --enable-default-pie --with-system-zlib --with-target-system-zlib=auto --enable-objc-gc=auto --enable-multiarch --disable-werror --with-arch-32=i686 --with-abi=m64 --with-multilib-list=m32 m64 mx32 --enable-multilib --with-tune=generic --enable-offload-targets=nvptx-none=/build/gcc-9-HskZEa/gcc-9-9.3.0/debian/tmp-nvptx/usr hsa --without-cuda-driver --enable-checking=release --build=x86_64-linux-gnu --host=x86_64-linux-gnu --target=x86_64-linux-gnu]
  ignore line: [Thread model: posix]
  ignore line: [gcc version 9.3.0 (Ubuntu 9.3.0-17ubuntu1~20.04) ]
  ignore line: [COMPILER_PATH=/usr/lib/gcc/x86_64-linux-gnu/9/:/usr/lib/gcc/x86_64-linux-gnu/9/:/usr/lib/gcc/x86_64-linux-gnu/:/usr/lib/gcc/x86_64-linux-gnu/9/:/usr/lib/gcc/x86_64-linux-gnu/]
  ignore line: [LIBRARY_PATH=/usr/lib/gcc/x86_64-linux-gnu/9/:/usr/lib/gcc/x86_64-linux-gnu/9/../../../x86_64-linux-gnu/:/usr/lib/gcc/x86_64-linux-gnu/9/../../../../lib/:/lib/x86_64-linux-gnu/:/lib/../lib/:/usr/lib/x86_64-linux-gnu/:/usr/lib/../lib/:/usr/lib/gcc/x86_64-linux-gnu/9/../../../:/lib/:/usr/lib/]
  ignore line: [COLLECT_GCC_OPTIONS='-v' '-o' 'cmTC_ea9d8' '-mtune=generic' '-march=x86-64']
  link line: [ /usr/lib/gcc/x86_64-linux-gnu/9/collect2 -plugin /usr/lib/gcc/x86_64-linux-gnu/9/liblto_plugin.so -plugin-opt=/usr/lib/gcc/x86_64-linux-gnu/9/lto-wrapper -plugin-opt=-fresolution=/tmp/cc3vcvqt.res -plugin-opt=-pass-through=-lgcc -plugin-opt=-pass-through=-lgcc_s -plugin-opt=-pass-through=-lc -plugin-opt=-pass-through=-lgcc -plugin-opt=-pass-through=-lgcc_s --build-id --eh-frame-hdr -m elf_x86_64 --hash-style=gnu --as-needed -dynamic-linker /lib64/ld-linux-x86-64.so.2 -pie -z now -z relro -o cmTC_ea9d8 /usr/lib/gcc/x86_64-linux-gnu/9/../../../x86_64-linux-gnu/Scrt1.o /usr/lib/gcc/x86_64-linux-gnu/9/../../../x86_64-linux-gnu/crti.o /usr/lib/gcc/x86_64-linux-gnu/9/crtbeginS.o -L/usr/lib/gcc/x86_64-linux-gnu/9 -L/usr/lib/gcc/x86_64-linux-gnu/9/../../../x86_64-linux-gnu -L/usr/lib/gcc/x86_64-linux-gnu/9/../../../../lib -L/lib/x86_64-linux-gnu -L/lib/../lib -L/usr/lib/x86_64-linux-gnu -L/usr/lib/../lib -L/usr/lib/gcc/x86_64-linux-gnu/9/../../.. CMakeFiles/cmTC_ea9d8.dir/CMakeCCompilerABI.c.o -lgcc --push-state --as-needed -lgcc_s --pop-state -lc -lgcc --push-state --as-needed -lgcc_s --pop-state /usr/lib/gcc/x86_64-linux-gnu/9/crtendS.o /usr/lib/gcc/x86_64-linux-gnu/9/../../../x86_64-linux-gnu/crtn.o]
    arg [/usr/lib/gcc/x86_64-linux-gnu/9/collect2] ==> ignore
    arg [-plugin] ==> ignore
    arg [/usr/lib/gcc/x86_64-linux-gnu/9/liblto_plugin.so] ==> ignore
    arg [-plugin-opt=/usr/lib/gcc/x86_64-linux-gnu/9/lto-wrapper] ==> ignore
    arg [-plugin-opt=-fresolution=/tmp/cc3vcvqt.res] ==> ignore
    arg [-plugin-opt=-pass-through=-lgcc] ==> ignore
    arg [-plugin-opt=-pass-through=-lgcc_s] ==> ignore
    arg [-plugin-opt=-pass-through=-lc] ==> ignore
    arg [-plugin-opt=-pass-through=-lgcc] ==> ignore
    arg [-plugin-opt=-pass-through=-lgcc_s] ==> ignore
    arg [--build-id] ==> ignore
    arg [--eh-frame-hdr] ==> ignore
    arg [-m] ==> ignore
    arg [elf_x86_64] ==> ignore
    arg [--hash-style=gnu] ==> ignore
    arg [--as-needed] ==> ignore
    arg [-dynamic-linker] ==> ignore
    arg [/lib64/ld-linux-x86-64.so.2] ==> ignore
    arg [-pie] ==> ignore
    arg [-znow] ==> ignore
    arg [-zrelro] ==> ignore
    arg [-o] ==> ignore
    arg [cmTC_ea9d8] ==> ignore
    arg [/usr/lib/gcc/x86_64-linux-gnu/9/../../../x86_64-linux-gnu/Scrt1.o] ==> ignore
    arg [/usr/lib/gcc/x86_64-linux-gnu/9/../../../x86_64-linux-gnu/crti.o] ==> ignore
    arg [/usr/lib/gcc/x86_64-linux-gnu/9/crtbeginS.o] ==> ignore
    arg [-L/usr/lib/gcc/x86_64-linux-gnu/9] ==> dir [/usr/lib/gcc/x86_64-linux-gnu/9]
    arg [-L/usr/lib/gcc/x86_64-linux-gnu/9/../../../x86_64-linux-gnu] ==> dir [/usr/lib/gcc/x86_64-linux-gnu/9/../../../x86_64-linux-gnu]
    arg [-L/usr/lib/gcc/x86_64-linux-gnu/9/../../../../lib] ==> dir [/usr/lib/gcc/x86_64-linux-gnu/9/../../../../lib]
    arg [-L/lib/x86_64-linux-gnu] ==> dir [/lib/x86_64-linux-gnu]
    arg [-L/lib/../lib] ==> dir [/lib/../lib]
    arg [-L/usr/lib/x86_64-linux-gnu] ==> dir [/usr/lib/x86_64-linux-gnu]
    arg [-L/usr/lib/../lib] ==> dir [/usr/lib/../lib]
    arg [-L/usr/lib/gcc/x86_64-linux-gnu/9/../../..] ==> dir [/usr/lib/gcc/x86_64-linux-gnu/9/../../..]
    arg [CMakeFiles/cmTC_ea9d8.dir/CMakeCCompilerABI.c.o] ==> ignore
    arg [-lgcc] ==> lib [gcc]
    arg [--push-state] ==> ignore
    arg [--as-needed] ==> ignore
    arg [-lgcc_s] ==> lib [gcc_s]
    arg [--pop-state] ==> ignore
    arg [-lc] ==> lib [c]
    arg [-lgcc] ==> lib [gcc]
    arg [--push-state] ==> ignore
    arg [--as-needed] ==> ignore
    arg [-lgcc_s] ==> lib [gcc_s]
    arg [--pop-state] ==> ignore
    arg [/usr/lib/gcc/x86_64-linux-gnu/9/crtendS.o] ==> ignore
    arg [/usr/lib/gcc/x86_64-linux-gnu/9/../../../x86_64-linux-gnu/crtn.o] ==> ignore
  collapse library dir [/usr/lib/gcc/x86_64-linux-gnu/9] ==> [/usr/lib/gcc/x86_64-linux-gnu/9]
  collapse library dir [/usr/lib/gcc/x86_64-linux-gnu/9/../../../x86_64-linux-gnu] ==> [/usr/lib/x86_64-linux-gnu]
  collapse library dir [/usr/lib/gcc/x86_64-linux-gnu/9/../../../../lib] ==> [/usr/lib]
  collapse library dir [/lib/x86_64-linux-gnu] ==> [/lib/x86_64-linux-gnu]
  collapse library dir [/lib/../lib] ==> [/lib]
  collapse library dir [/usr/lib/x86_64-linux-gnu] ==> [/usr/lib/x86_64-linux-gnu]
  collapse library dir [/usr/lib/../lib] ==> [/usr/lib]
  collapse library dir [/usr/lib/gcc/x86_64-linux-gnu/9/../../..] ==> [/usr/lib]
  implicit libs: [gcc;gcc_s;c;gcc;gcc_s]
  implicit dirs: [/usr/lib/gcc/x86_64-linux-gnu/9;/usr/lib/x86_64-linux-gnu;/usr/lib;/lib/x86_64-linux-gnu;/lib]
  implicit fwks: []


Determining if the CXX compiler works passed with the following output:
Change Dir: /root/mumble/build/CMakeFiles/CMakeTmp

Run Build Command(s):/usr/bin/make cmTC_a9f54/fast && /usr/bin/make -f CMakeFiles/cmTC_a9f54.dir/build.make CMakeFiles/cmTC_a9f54.dir/build
make[1] : on entre dans le répertoire « /root/mumble/build/CMakeFiles/CMakeTmp »
Building CXX object CMakeFiles/cmTC_a9f54.dir/testCXXCompiler.cxx.o
/usr/bin/c++     -o CMakeFiles/cmTC_a9f54.dir/testCXXCompiler.cxx.o -c /root/mumble/build/CMakeFiles/CMakeTmp/testCXXCompiler.cxx
Linking CXX executable cmTC_a9f54
/usr/bin/cmake -E cmake_link_script CMakeFiles/cmTC_a9f54.dir/link.txt --verbose=1
/usr/bin/c++       CMakeFiles/cmTC_a9f54.dir/testCXXCompiler.cxx.o  -o cmTC_a9f54 
make[1] : on quitte le répertoire « /root/mumble/build/CMakeFiles/CMakeTmp »



Detecting CXX compiler ABI info compiled with the following output:
Change Dir: /root/mumble/build/CMakeFiles/CMakeTmp

Run Build Command(s):/usr/bin/make cmTC_ba1de/fast && /usr/bin/make -f CMakeFiles/cmTC_ba1de.dir/build.make CMakeFiles/cmTC_ba1de.dir/build
make[1]: Entering directory '/root/mumble/build/CMakeFiles/CMakeTmp'
Building CXX object CMakeFiles/cmTC_ba1de.dir/CMakeCXXCompilerABI.cpp.o
/usr/bin/c++    -v -o CMakeFiles/cmTC_ba1de.dir/CMakeCXXCompilerABI.cpp.o -c /usr/share/cmake-3.16/Modules/CMakeCXXCompilerABI.cpp
Using built-in specs.
COLLECT_GCC=/usr/bin/c++
OFFLOAD_TARGET_NAMES=nvptx-none:hsa
OFFLOAD_TARGET_DEFAULT=1
Target: x86_64-linux-gnu
Configured with: ../src/configure -v --with-pkgversion='Ubuntu 9.3.0-17ubuntu1~20.04' --with-bugurl=file:///usr/share/doc/gcc-9/README.Bugs --enable-languages=c,ada,c++,go,brig,d,fortran,objc,obj-c++,gm2 --prefix=/usr --with-gcc-major-version-only --program-suffix=-9 --program-prefix=x86_64-linux-gnu- --enable-shared --enable-linker-build-id --libexecdir=/usr/lib --without-included-gettext --enable-threads=posix --libdir=/usr/lib --enable-nls --enable-clocale=gnu --enable-libstdcxx-debug --enable-libstdcxx-time=yes --with-default-libstdcxx-abi=new --enable-gnu-unique-object --disable-vtable-verify --enable-plugin --enable-default-pie --with-system-zlib --with-target-system-zlib=auto --enable-objc-gc=auto --enable-multiarch --disable-werror --with-arch-32=i686 --with-abi=m64 --with-multilib-list=m32,m64,mx32 --enable-multilib --with-tune=generic --enable-offload-targets=nvptx-none=/build/gcc-9-HskZEa/gcc-9-9.3.0/debian/tmp-nvptx/usr,hsa --without-cuda-driver --enable-checking=release --build=x86_64-linux-gnu --host=x86_64-linux-gnu --target=x86_64-linux-gnu
Thread model: posix
gcc version 9.3.0 (Ubuntu 9.3.0-17ubuntu1~20.04) 
COLLECT_GCC_OPTIONS='-v' '-o' 'CMakeFiles/cmTC_ba1de.dir/CMakeCXXCompilerABI.cpp.o' '-c' '-shared-libgcc' '-mtune=generic' '-march=x86-64'
 /usr/lib/gcc/x86_64-linux-gnu/9/cc1plus -quiet -v -imultiarch x86_64-linux-gnu -D_GNU_SOURCE /usr/share/cmake-3.16/Modules/CMakeCXXCompilerABI.cpp -quiet -dumpbase CMakeCXXCompilerABI.cpp -mtune=generic -march=x86-64 -auxbase-strip CMakeFiles/cmTC_ba1de.dir/CMakeCXXCompilerABI.cpp.o -version -fasynchronous-unwind-tables -fstack-protector-strong -Wformat -Wformat-security -fstack-clash-protection -fcf-protection -o /tmp/ccZ3Ppc3.s
GNU C++14 (Ubuntu 9.3.0-17ubuntu1~20.04) version 9.3.0 (x86_64-linux-gnu)
	compiled by GNU C version 9.3.0, GMP version 6.2.0, MPFR version 4.0.2, MPC version 1.1.0, isl version isl-0.22.1-GMP

GGC heuristics: --param ggc-min-expand=100 --param ggc-min-heapsize=131072
ignoring duplicate directory "/usr/include/x86_64-linux-gnu/c++/9"
ignoring nonexistent directory "/usr/local/include/x86_64-linux-gnu"
ignoring nonexistent directory "/usr/lib/gcc/x86_64-linux-gnu/9/include-fixed"
ignoring nonexistent directory "/usr/lib/gcc/x86_64-linux-gnu/9/../../../../x86_64-linux-gnu/include"
#include "..." search starts here:
#include <...> search starts here:
 /usr/include/c++/9
 /usr/include/x86_64-linux-gnu/c++/9
 /usr/include/c++/9/backward
 /usr/lib/gcc/x86_64-linux-gnu/9/include
 /usr/local/include
 /usr/include/x86_64-linux-gnu
 /usr/include
End of search list.
GNU C++14 (Ubuntu 9.3.0-17ubuntu1~20.04) version 9.3.0 (x86_64-linux-gnu)
	compiled by GNU C version 9.3.0, GMP version 6.2.0, MPFR version 4.0.2, MPC version 1.1.0, isl version isl-0.22.1-GMP

GGC heuristics: --param ggc-min-expand=100 --param ggc-min-heapsize=131072
Compiler executable checksum: 466f818abe2f30ba03783f22bd12d815
COLLECT_GCC_OPTIONS='-v' '-o' 'CMakeFiles/cmTC_ba1de.dir/CMakeCXXCompilerABI.cpp.o' '-c' '-shared-libgcc' '-mtune=generic' '-march=x86-64'
 as -v --64 -o CMakeFiles/cmTC_ba1de.dir/CMakeCXXCompilerABI.cpp.o /tmp/ccZ3Ppc3.s
GNU assembler version 2.34 (x86_64-linux-gnu) using BFD version (GNU Binutils for Ubuntu) 2.34
COMPILER_PATH=/usr/lib/gcc/x86_64-linux-gnu/9/:/usr/lib/gcc/x86_64-linux-gnu/9/:/usr/lib/gcc/x86_64-linux-gnu/:/usr/lib/gcc/x86_64-linux-gnu/9/:/usr/lib/gcc/x86_64-linux-gnu/
LIBRARY_PATH=/usr/lib/gcc/x86_64-linux-gnu/9/:/usr/lib/gcc/x86_64-linux-gnu/9/../../../x86_64-linux-gnu/:/usr/lib/gcc/x86_64-linux-gnu/9/../../../../lib/:/lib/x86_64-linux-gnu/:/lib/../lib/:/usr/lib/x86_64-linux-gnu/:/usr/lib/../lib/:/usr/lib/gcc/x86_64-linux-gnu/9/../../../:/lib/:/usr/lib/
COLLECT_GCC_OPTIONS='-v' '-o' 'CMakeFiles/cmTC_ba1de.dir/CMakeCXXCompilerABI.cpp.o' '-c' '-shared-libgcc' '-mtune=generic' '-march=x86-64'
Linking CXX executable cmTC_ba1de
/usr/bin/cmake -E cmake_link_script CMakeFiles/cmTC_ba1de.dir/link.txt --verbose=1
/usr/bin/c++      -v CMakeFiles/cmTC_ba1de.dir/CMakeCXXCompilerABI.cpp.o  -o cmTC_ba1de 
Using built-in specs.
COLLECT_GCC=/usr/bin/c++
COLLECT_LTO_WRAPPER=/usr/lib/gcc/x86_64-linux-gnu/9/lto-wrapper
OFFLOAD_TARGET_NAMES=nvptx-none:hsa
OFFLOAD_TARGET_DEFAULT=1
Target: x86_64-linux-gnu
Configured with: ../src/configure -v --with-pkgversion='Ubuntu 9.3.0-17ubuntu1~20.04' --with-bugurl=file:///usr/share/doc/gcc-9/README.Bugs --enable-languages=c,ada,c++,go,brig,d,fortran,objc,obj-c++,gm2 --prefix=/usr --with-gcc-major-version-only --program-suffix=-9 --program-prefix=x86_64-linux-gnu- --enable-shared --enable-linker-build-id --libexecdir=/usr/lib --without-included-gettext --enable-threads=posix --libdir=/usr/lib --enable-nls --enable-clocale=gnu --enable-libstdcxx-debug --enable-libstdcxx-time=yes --with-default-libstdcxx-abi=new --enable-gnu-unique-object --disable-vtable-verify --enable-plugin --enable-default-pie --with-system-zlib --with-target-system-zlib=auto --enable-objc-gc=auto --enable-multiarch --disable-werror --with-arch-32=i686 --with-abi=m64 --with-multilib-list=m32,m64,mx32 --enable-multilib --with-tune=generic --enable-offload-targets=nvptx-none=/build/gcc-9-HskZEa/gcc-9-9.3.0/debian/tmp-nvptx/usr,hsa --without-cuda-driver --enable-checking=release --build=x86_64-linux-gnu --host=x86_64-linux-gnu --target=x86_64-linux-gnu
Thread model: posix
gcc version 9.3.0 (Ubuntu 9.3.0-17ubuntu1~20.04) 
COMPILER_PATH=/usr/lib/gcc/x86_64-linux-gnu/9/:/usr/lib/gcc/x86_64-linux-gnu/9/:/usr/lib/gcc/x86_64-linux-gnu/:/usr/lib/gcc/x86_64-linux-gnu/9/:/usr/lib/gcc/x86_64-linux-gnu/
LIBRARY_PATH=/usr/lib/gcc/x86_64-linux-gnu/9/:/usr/lib/gcc/x86_64-linux-gnu/9/../../../x86_64-linux-gnu/:/usr/lib/gcc/x86_64-linux-gnu/9/../../../../lib/:/lib/x86_64-linux-gnu/:/lib/../lib/:/usr/lib/x86_64-linux-gnu/:/usr/lib/../lib/:/usr/lib/gcc/x86_64-linux-gnu/9/../../../:/lib/:/usr/lib/
COLLECT_GCC_OPTIONS='-v' '-o' 'cmTC_ba1de' '-shared-libgcc' '-mtune=generic' '-march=x86-64'
 /usr/lib/gcc/x86_64-linux-gnu/9/collect2 -plugin /usr/lib/gcc/x86_64-linux-gnu/9/liblto_plugin.so -plugin-opt=/usr/lib/gcc/x86_64-linux-gnu/9/lto-wrapper -plugin-opt=-fresolution=/tmp/ccDyxwMJ.res -plugin-opt=-pass-through=-lgcc_s -plugin-opt=-pass-through=-lgcc -plugin-opt=-pass-through=-lc -plugin-opt=-pass-through=-lgcc_s -plugin-opt=-pass-through=-lgcc --build-id --eh-frame-hdr -m elf_x86_64 --hash-style=gnu --as-needed -dynamic-linker /lib64/ld-linux-x86-64.so.2 -pie -z now -z relro -o cmTC_ba1de /usr/lib/gcc/x86_64-linux-gnu/9/../../../x86_64-linux-gnu/Scrt1.o /usr/lib/gcc/x86_64-linux-gnu/9/../../../x86_64-linux-gnu/crti.o /usr/lib/gcc/x86_64-linux-gnu/9/crtbeginS.o -L/usr/lib/gcc/x86_64-linux-gnu/9 -L/usr/lib/gcc/x86_64-linux-gnu/9/../../../x86_64-linux-gnu -L/usr/lib/gcc/x86_64-linux-gnu/9/../../../../lib -L/lib/x86_64-linux-gnu -L/lib/../lib -L/usr/lib/x86_64-linux-gnu -L/usr/lib/../lib -L/usr/lib/gcc/x86_64-linux-gnu/9/../../.. CMakeFiles/cmTC_ba1de.dir/CMakeCXXCompilerABI.cpp.o -lstdc++ -lm -lgcc_s -lgcc -lc -lgcc_s -lgcc /usr/lib/gcc/x86_64-linux-gnu/9/crtendS.o /usr/lib/gcc/x86_64-linux-gnu/9/../../../x86_64-linux-gnu/crtn.o
COLLECT_GCC_OPTIONS='-v' '-o' 'cmTC_ba1de' '-shared-libgcc' '-mtune=generic' '-march=x86-64'
make[1]: Leaving directory '/root/mumble/build/CMakeFiles/CMakeTmp'



Parsed CXX implicit include dir info from above output: rv=done
  found start of include info
  found start of implicit include info
    add: [/usr/include/c++/9]
    add: [/usr/include/x86_64-linux-gnu/c++/9]
    add: [/usr/include/c++/9/backward]
    add: [/usr/lib/gcc/x86_64-linux-gnu/9/include]
    add: [/usr/local/include]
    add: [/usr/include/x86_64-linux-gnu]
    add: [/usr/include]
  end of search list found
  collapse include dir [/usr/include/c++/9] ==> [/usr/include/c++/9]
  collapse include dir [/usr/include/x86_64-linux-gnu/c++/9] ==> [/usr/include/x86_64-linux-gnu/c++/9]
  collapse include dir [/usr/include/c++/9/backward] ==> [/usr/include/c++/9/backward]
  collapse include dir [/usr/lib/gcc/x86_64-linux-gnu/9/include] ==> [/usr/lib/gcc/x86_64-linux-gnu/9/include]
  collapse include dir [/usr/local/include] ==> [/usr/local/include]
  collapse include dir [/usr/include/x86_64-linux-gnu] ==> [/usr/include/x86_64-linux-gnu]
  collapse include dir [/usr/include] ==> [/usr/include]
  implicit include dirs: [/usr/include/c++/9;/usr/include/x86_64-linux-gnu/c++/9;/usr/include/c++/9/backward;/usr/lib/gcc/x86_64-linux-gnu/9/include;/usr/local/include;/usr/include/x86_64-linux-gnu;/usr/include]


Parsed CXX implicit link information from above output:
  link line regex: [^( *|.*[/\])(ld|CMAKE_LINK_STARTFILE-NOTFOUND|([^/\]+-)?ld|collect2)[^/\]*( |$)]
  ignore line: [Change Dir: /root/mumble/build/CMakeFiles/CMakeTmp]
  ignore line: []
  ignore line: [Run Build Command(s):/usr/bin/make cmTC_ba1de/fast && /usr/bin/make -f CMakeFiles/cmTC_ba1de.dir/build.make CMakeFiles/cmTC_ba1de.dir/build]
  ignore line: [make[1]: Entering directory '/root/mumble/build/CMakeFiles/CMakeTmp']
  ignore line: [Building CXX object CMakeFiles/cmTC_ba1de.dir/CMakeCXXCompilerABI.cpp.o]
  ignore line: [/usr/bin/c++    -v -o CMakeFiles/cmTC_ba1de.dir/CMakeCXXCompilerABI.cpp.o -c /usr/share/cmake-3.16/Modules/CMakeCXXCompilerABI.cpp]
  ignore line: [Using built-in specs.]
  ignore line: [COLLECT_GCC=/usr/bin/c++]
  ignore line: [OFFLOAD_TARGET_NAMES=nvptx-none:hsa]
  ignore line: [OFFLOAD_TARGET_DEFAULT=1]
  ignore line: [Target: x86_64-linux-gnu]
  ignore line: [Configured with: ../src/configure -v --with-pkgversion='Ubuntu 9.3.0-17ubuntu1~20.04' --with-bugurl=file:///usr/share/doc/gcc-9/README.Bugs --enable-languages=c ada c++ go brig d fortran objc obj-c++ gm2 --prefix=/usr --with-gcc-major-version-only --program-suffix=-9 --program-prefix=x86_64-linux-gnu- --enable-shared --enable-linker-build-id --libexecdir=/usr/lib --without-included-gettext --enable-threads=posix --libdir=/usr/lib --enable-nls --enable-clocale=gnu --enable-libstdcxx-debug --enable-libstdcxx-time=yes --with-default-libstdcxx-abi=new --enable-gnu-unique-object --disable-vtable-verify --enable-plugin --enable-default-pie --with-system-zlib --with-target-system-zlib=auto --enable-objc-gc=auto --enable-multiarch --disable-werror --with-arch-32=i686 --with-abi=m64 --with-multilib-list=m32 m64 mx32 --enable-multilib --with-tune=generic --enable-offload-targets=nvptx-none=/build/gcc-9-HskZEa/gcc-9-9.3.0/debian/tmp-nvptx/usr hsa --without-cuda-driver --enable-checking=release --build=x86_64-linux-gnu --host=x86_64-linux-gnu --target=x86_64-linux-gnu]
  ignore line: [Thread model: posix]
  ignore line: [gcc version 9.3.0 (Ubuntu 9.3.0-17ubuntu1~20.04) ]
  ignore line: [COLLECT_GCC_OPTIONS='-v' '-o' 'CMakeFiles/cmTC_ba1de.dir/CMakeCXXCompilerABI.cpp.o' '-c' '-shared-libgcc' '-mtune=generic' '-march=x86-64']
  ignore line: [ /usr/lib/gcc/x86_64-linux-gnu/9/cc1plus -quiet -v -imultiarch x86_64-linux-gnu -D_GNU_SOURCE /usr/share/cmake-3.16/Modules/CMakeCXXCompilerABI.cpp -quiet -dumpbase CMakeCXXCompilerABI.cpp -mtune=generic -march=x86-64 -auxbase-strip CMakeFiles/cmTC_ba1de.dir/CMakeCXXCompilerABI.cpp.o -version -fasynchronous-unwind-tables -fstack-protector-strong -Wformat -Wformat-security -fstack-clash-protection -fcf-protection -o /tmp/ccZ3Ppc3.s]
  ignore line: [GNU C++14 (Ubuntu 9.3.0-17ubuntu1~20.04) version 9.3.0 (x86_64-linux-gnu)]
  ignore line: [	compiled by GNU C version 9.3.0  GMP version 6.2.0  MPFR version 4.0.2  MPC version 1.1.0  isl version isl-0.22.1-GMP]
  ignore line: []
  ignore line: [GGC heuristics: --param ggc-min-expand=100 --param ggc-min-heapsize=131072]
  ignore line: [ignoring duplicate directory "/usr/include/x86_64-linux-gnu/c++/9"]
  ignore line: [ignoring nonexistent directory "/usr/local/include/x86_64-linux-gnu"]
  ignore line: [ignoring nonexistent directory "/usr/lib/gcc/x86_64-linux-gnu/9/include-fixed"]
  ignore line: [ignoring nonexistent directory "/usr/lib/gcc/x86_64-linux-gnu/9/../../../../x86_64-linux-gnu/include"]
  ignore line: [#include "..." search starts here:]
  ignore line: [#include <...> search starts here:]
  ignore line: [ /usr/include/c++/9]
  ignore line: [ /usr/include/x86_64-linux-gnu/c++/9]
  ignore line: [ /usr/include/c++/9/backward]
  ignore line: [ /usr/lib/gcc/x86_64-linux-gnu/9/include]
  ignore line: [ /usr/local/include]
  ignore line: [ /usr/include/x86_64-linux-gnu]
  ignore line: [ /usr/include]
  ignore line: [End of search list.]
  ignore line: [GNU C++14 (Ubuntu 9.3.0-17ubuntu1~20.04) version 9.3.0 (x86_64-linux-gnu)]
  ignore line: [	compiled by GNU C version 9.3.0  GMP version 6.2.0  MPFR version 4.0.2  MPC version 1.1.0  isl version isl-0.22.1-GMP]
  ignore line: []
  ignore line: [GGC heuristics: --param ggc-min-expand=100 --param ggc-min-heapsize=131072]
  ignore line: [Compiler executable checksum: 466f818abe2f30ba03783f22bd12d815]
  ignore line: [COLLECT_GCC_OPTIONS='-v' '-o' 'CMakeFiles/cmTC_ba1de.dir/CMakeCXXCompilerABI.cpp.o' '-c' '-shared-libgcc' '-mtune=generic' '-march=x86-64']
  ignore line: [ as -v --64 -o CMakeFiles/cmTC_ba1de.dir/CMakeCXXCompilerABI.cpp.o /tmp/ccZ3Ppc3.s]
  ignore line: [GNU assembler version 2.34 (x86_64-linux-gnu) using BFD version (GNU Binutils for Ubuntu) 2.34]
  ignore line: [COMPILER_PATH=/usr/lib/gcc/x86_64-linux-gnu/9/:/usr/lib/gcc/x86_64-linux-gnu/9/:/usr/lib/gcc/x86_64-linux-gnu/:/usr/lib/gcc/x86_64-linux-gnu/9/:/usr/lib/gcc/x86_64-linux-gnu/]
  ignore line: [LIBRARY_PATH=/usr/lib/gcc/x86_64-linux-gnu/9/:/usr/lib/gcc/x86_64-linux-gnu/9/../../../x86_64-linux-gnu/:/usr/lib/gcc/x86_64-linux-gnu/9/../../../../lib/:/lib/x86_64-linux-gnu/:/lib/../lib/:/usr/lib/x86_64-linux-gnu/:/usr/lib/../lib/:/usr/lib/gcc/x86_64-linux-gnu/9/../../../:/lib/:/usr/lib/]
  ignore line: [COLLECT_GCC_OPTIONS='-v' '-o' 'CMakeFiles/cmTC_ba1de.dir/CMakeCXXCompilerABI.cpp.o' '-c' '-shared-libgcc' '-mtune=generic' '-march=x86-64']
  ignore line: [Linking CXX executable cmTC_ba1de]
  ignore line: [/usr/bin/cmake -E cmake_link_script CMakeFiles/cmTC_ba1de.dir/link.txt --verbose=1]
  ignore line: [/usr/bin/c++      -v CMakeFiles/cmTC_ba1de.dir/CMakeCXXCompilerABI.cpp.o  -o cmTC_ba1de ]
  ignore line: [Using built-in specs.]
  ignore line: [COLLECT_GCC=/usr/bin/c++]
  ignore line: [COLLECT_LTO_WRAPPER=/usr/lib/gcc/x86_64-linux-gnu/9/lto-wrapper]
  ignore line: [OFFLOAD_TARGET_NAMES=nvptx-none:hsa]
  ignore line: [OFFLOAD_TARGET_DEFAULT=1]
  ignore line: [Target: x86_64-linux-gnu]
  ignore line: [Configured with: ../src/configure -v --with-pkgversion='Ubuntu 9.3.0-17ubuntu1~20.04' --with-bugurl=file:///usr/share/doc/gcc-9/README.Bugs --enable-languages=c ada c++ go brig d fortran objc obj-c++ gm2 --prefix=/usr --with-gcc-major-version-only --program-suffix=-9 --program-prefix=x86_64-linux-gnu- --enable-shared --enable-linker-build-id --libexecdir=/usr/lib --without-included-gettext --enable-threads=posix --libdir=/usr/lib --enable-nls --enable-clocale=gnu --enable-libstdcxx-debug --enable-libstdcxx-time=yes --with-default-libstdcxx-abi=new --enable-gnu-unique-object --disable-vtable-verify --enable-plugin --enable-default-pie --with-system-zlib --with-target-system-zlib=auto --enable-objc-gc=auto --enable-multiarch --disable-werror --with-arch-32=i686 --with-abi=m64 --with-multilib-list=m32 m64 mx32 --enable-multilib --with-tune=generic --enable-offload-targets=nvptx-none=/build/gcc-9-HskZEa/gcc-9-9.3.0/debian/tmp-nvptx/usr hsa --without-cuda-driver --enable-checking=release --build=x86_64-linux-gnu --host=x86_64-linux-gnu --target=x86_64-linux-gnu]
  ignore line: [Thread model: posix]
  ignore line: [gcc version 9.3.0 (Ubuntu 9.3.0-17ubuntu1~20.04) ]
  ignore line: [COMPILER_PATH=/usr/lib/gcc/x86_64-linux-gnu/9/:/usr/lib/gcc/x86_64-linux-gnu/9/:/usr/lib/gcc/x86_64-linux-gnu/:/usr/lib/gcc/x86_64-linux-gnu/9/:/usr/lib/gcc/x86_64-linux-gnu/]
  ignore line: [LIBRARY_PATH=/usr/lib/gcc/x86_64-linux-gnu/9/:/usr/lib/gcc/x86_64-linux-gnu/9/../../../x86_64-linux-gnu/:/usr/lib/gcc/x86_64-linux-gnu/9/../../../../lib/:/lib/x86_64-linux-gnu/:/lib/../lib/:/usr/lib/x86_64-linux-gnu/:/usr/lib/../lib/:/usr/lib/gcc/x86_64-linux-gnu/9/../../../:/lib/:/usr/lib/]
  ignore line: [COLLECT_GCC_OPTIONS='-v' '-o' 'cmTC_ba1de' '-shared-libgcc' '-mtune=generic' '-march=x86-64']
  link line: [ /usr/lib/gcc/x86_64-linux-gnu/9/collect2 -plugin /usr/lib/gcc/x86_64-linux-gnu/9/liblto_plugin.so -plugin-opt=/usr/lib/gcc/x86_64-linux-gnu/9/lto-wrapper -plugin-opt=-fresolution=/tmp/ccDyxwMJ.res -plugin-opt=-pass-through=-lgcc_s -plugin-opt=-pass-through=-lgcc -plugin-opt=-pass-through=-lc -plugin-opt=-pass-through=-lgcc_s -plugin-opt=-pass-through=-lgcc --build-id --eh-frame-hdr -m elf_x86_64 --hash-style=gnu --as-needed -dynamic-linker /lib64/ld-linux-x86-64.so.2 -pie -z now -z relro -o cmTC_ba1de /usr/lib/gcc/x86_64-linux-gnu/9/../../../x86_64-linux-gnu/Scrt1.o /usr/lib/gcc/x86_64-linux-gnu/9/../../../x86_64-linux-gnu/crti.o /usr/lib/gcc/x86_64-linux-gnu/9/crtbeginS.o -L/usr/lib/gcc/x86_64-linux-gnu/9 -L/usr/lib/gcc/x86_64-linux-gnu/9/../../../x86_64-linux-gnu -L/usr/lib/gcc/x86_64-linux-gnu/9/../../../../lib -L/lib/x86_64-linux-gnu -L/lib/../lib -L/usr/lib/x86_64-linux-gnu -L/usr/lib/../lib -L/usr/lib/gcc/x86_64-linux-gnu/9/../../.. CMakeFiles/cmTC_ba1de.dir/CMakeCXXCompilerABI.cpp.o -lstdc++ -lm -lgcc_s -lgcc -lc -lgcc_s -lgcc /usr/lib/gcc/x86_64-linux-gnu/9/crtendS.o /usr/lib/gcc/x86_64-linux-gnu/9/../../../x86_64-linux-gnu/crtn.o]
    arg [/usr/lib/gcc/x86_64-linux-gnu/9/collect2] ==> ignore
    arg [-plugin] ==> ignore
    arg [/usr/lib/gcc/x86_64-linux-gnu/9/liblto_plugin.so] ==> ignore
    arg [-plugin-opt=/usr/lib/gcc/x86_64-linux-gnu/9/lto-wrapper] ==> ignore
    arg [-plugin-opt=-fresolution=/tmp/ccDyxwMJ.res] ==> ignore
    arg [-plugin-opt=-pass-through=-lgcc_s] ==> ignore
    arg [-plugin-opt=-pass-through=-lgcc] ==> ignore
    arg [-plugin-opt=-pass-through=-lc] ==> ignore
    arg [-plugin-opt=-pass-through=-lgcc_s] ==> ignore
    arg [-plugin-opt=-pass-through=-lgcc] ==> ignore
    arg [--build-id] ==> ignore
    arg [--eh-frame-hdr] ==> ignore
    arg [-m] ==> ignore
    arg [elf_x86_64] ==> ignore
    arg [--hash-style=gnu] ==> ignore
    arg [--as-needed] ==> ignore
    arg [-dynamic-linker] ==> ignore
    arg [/lib64/ld-linux-x86-64.so.2] ==> ignore
    arg [-pie] ==> ignore
    arg [-znow] ==> ignore
    arg [-zrelro] ==> ignore
    arg [-o] ==> ignore
    arg [cmTC_ba1de] ==> ignore
    arg [/usr/lib/gcc/x86_64-linux-gnu/9/../../../x86_64-linux-gnu/Scrt1.o] ==> ignore
    arg [/usr/lib/gcc/x86_64-linux-gnu/9/../../../x86_64-linux-gnu/crti.o] ==> ignore
    arg [/usr/lib/gcc/x86_64-linux-gnu/9/crtbeginS.o] ==> ignore
    arg [-L/usr/lib/gcc/x86_64-linux-gnu/9] ==> dir [/usr/lib/gcc/x86_64-linux-gnu/9]
    arg [-L/usr/lib/gcc/x86_64-linux-gnu/9/../../../x86_64-linux-gnu] ==> dir [/usr/lib/gcc/x86_64-linux-gnu/9/../../../x86_64-linux-gnu]
    arg [-L/usr/lib/gcc/x86_64-linux-gnu/9/../../../../lib] ==> dir [/usr/lib/gcc/x86_64-linux-gnu/9/../../../../lib]
    arg [-L/lib/x86_64-linux-gnu] ==> dir [/lib/x86_64-linux-gnu]
    arg [-L/lib/../lib] ==> dir [/lib/../lib]
    arg [-L/usr/lib/x86_64-linux-gnu] ==> dir [/usr/lib/x86_64-linux-gnu]
    arg [-L/usr/lib/../lib] ==> dir [/usr/lib/../lib]
    arg [-L/usr/lib/gcc/x86_64-linux-gnu/9/../../..] ==> dir [/usr/lib/gcc/x86_64-linux-gnu/9/../../..]
    arg [CMakeFiles/cmTC_ba1de.dir/CMakeCXXCompilerABI.cpp.o] ==> ignore
    arg [-lstdc++] ==> lib [stdc++]
    arg [-lm] ==> lib [m]
    arg [-lgcc_s] ==> lib [gcc_s]
    arg [-lgcc] ==> lib [gcc]
    arg [-lc] ==> lib [c]
    arg [-lgcc_s] ==> lib [gcc_s]
    arg [-lgcc] ==> lib [gcc]
    arg [/usr/lib/gcc/x86_64-linux-gnu/9/crtendS.o] ==> ignore
    arg [/usr/lib/gcc/x86_64-linux-gnu/9/../../../x86_64-linux-gnu/crtn.o] ==> ignore
  collapse library dir [/usr/lib/gcc/x86_64-linux-gnu/9] ==> [/usr/lib/gcc/x86_64-linux-gnu/9]
  collapse library dir [/usr/lib/gcc/x86_64-linux-gnu/9/../../../x86_64-linux-gnu] ==> [/usr/lib/x86_64-linux-gnu]
  collapse library dir [/usr/lib/gcc/x86_64-linux-gnu/9/../../../../lib] ==> [/usr/lib]
  collapse library dir [/lib/x86_64-linux-gnu] ==> [/lib/x86_64-linux-gnu]
  collapse library dir [/lib/../lib] ==> [/lib]
  collapse library dir [/usr/lib/x86_64-linux-gnu] ==> [/usr/lib/x86_64-linux-gnu]
  collapse library dir [/usr/lib/../lib] ==> [/usr/lib]
  collapse library dir [/usr/lib/gcc/x86_64-linux-gnu/9/../../..] ==> [/usr/lib]
  implicit libs: [stdc++;m;gcc_s;gcc;c;gcc_s;gcc]
  implicit dirs: [/usr/lib/gcc/x86_64-linux-gnu/9;/usr/lib/x86_64-linux-gnu;/usr/lib;/lib/x86_64-linux-gnu;/lib]
  implicit fwks: []


Determining if the include file pthread.h exists passed with the following output:
Change Dir: /root/mumble/build/CMakeFiles/CMakeTmp

Run Build Command(s):/usr/bin/make cmTC_6d523/fast && /usr/bin/make -f CMakeFiles/cmTC_6d523.dir/build.make CMakeFiles/cmTC_6d523.dir/build
make[1] : on entre dans le répertoire « /root/mumble/build/CMakeFiles/CMakeTmp »
Building C object CMakeFiles/cmTC_6d523.dir/CheckIncludeFile.c.o
/usr/bin/cc   -fPIE   -o CMakeFiles/cmTC_6d523.dir/CheckIncludeFile.c.o   -c /root/mumble/build/CMakeFiles/CMakeTmp/CheckIncludeFile.c
Linking C executable cmTC_6d523
/usr/bin/cmake -E cmake_link_script CMakeFiles/cmTC_6d523.dir/link.txt --verbose=1
/usr/bin/cc      CMakeFiles/cmTC_6d523.dir/CheckIncludeFile.c.o  -o cmTC_6d523 
make[1] : on quitte le répertoire « /root/mumble/build/CMakeFiles/CMakeTmp »



Determining if the function pthread_create exists in the pthread passed with the following output:
Change Dir: /root/mumble/build/CMakeFiles/CMakeTmp

Run Build Command(s):/usr/bin/make cmTC_c5e10/fast && /usr/bin/make -f CMakeFiles/cmTC_c5e10.dir/build.make CMakeFiles/cmTC_c5e10.dir/build
make[1] : on entre dans le répertoire « /root/mumble/build/CMakeFiles/CMakeTmp »
Building C object CMakeFiles/cmTC_c5e10.dir/CheckFunctionExists.c.o
/usr/bin/cc   -DCHECK_FUNCTION_EXISTS=pthread_create -fPIE   -o CMakeFiles/cmTC_c5e10.dir/CheckFunctionExists.c.o   -c /usr/share/cmake-3.16/Modules/CheckFunctionExists.c
Linking C executable cmTC_c5e10
/usr/bin/cmake -E cmake_link_script CMakeFiles/cmTC_c5e10.dir/link.txt --verbose=1
/usr/bin/cc  -DCHECK_FUNCTION_EXISTS=pthread_create    CMakeFiles/cmTC_c5e10.dir/CheckFunctionExists.c.o  -o cmTC_c5e10  -lpthread 
make[1] : on quitte le répertoire « /root/mumble/build/CMakeFiles/CMakeTmp »



Determining if the function XOpenDisplay exists in the /usr/lib/x86_64-linux-gnu/libX11.so;/usr/lib/x86_64-linux-gnu/libXext.so passed with the following output:
Change Dir: /root/mumble/build/CMakeFiles/CMakeTmp

Run Build Command(s):/usr/bin/make cmTC_20ffc/fast && /usr/bin/make -f CMakeFiles/cmTC_20ffc.dir/build.make CMakeFiles/cmTC_20ffc.dir/build
make[1] : on entre dans le répertoire « /root/mumble/build/CMakeFiles/CMakeTmp »
Building C object CMakeFiles/cmTC_20ffc.dir/CheckFunctionExists.c.o
/usr/bin/cc   -DCHECK_FUNCTION_EXISTS=XOpenDisplay -fPIE   -o CMakeFiles/cmTC_20ffc.dir/CheckFunctionExists.c.o   -c /usr/share/cmake-3.16/Modules/CheckFunctionExists.c
Linking C executable cmTC_20ffc
/usr/bin/cmake -E cmake_link_script CMakeFiles/cmTC_20ffc.dir/link.txt --verbose=1
/usr/bin/cc  -DCHECK_FUNCTION_EXISTS=XOpenDisplay    CMakeFiles/cmTC_20ffc.dir/CheckFunctionExists.c.o  -o cmTC_20ffc  /usr/lib/x86_64-linux-gnu/libX11.so /usr/lib/x86_64-linux-gnu/libXext.so 
make[1] : on quitte le répertoire « /root/mumble/build/CMakeFiles/CMakeTmp »



Determining if the function gethostbyname exists passed with the following output:
Change Dir: /root/mumble/build/CMakeFiles/CMakeTmp

Run Build Command(s):/usr/bin/make cmTC_5ab39/fast && /usr/bin/make -f CMakeFiles/cmTC_5ab39.dir/build.make CMakeFiles/cmTC_5ab39.dir/build
make[1] : on entre dans le répertoire « /root/mumble/build/CMakeFiles/CMakeTmp »
Building C object CMakeFiles/cmTC_5ab39.dir/CheckFunctionExists.c.o
/usr/bin/cc   -DCHECK_FUNCTION_EXISTS=gethostbyname -fPIE   -o CMakeFiles/cmTC_5ab39.dir/CheckFunctionExists.c.o   -c /usr/share/cmake-3.16/Modules/CheckFunctionExists.c
Linking C executable cmTC_5ab39
/usr/bin/cmake -E cmake_link_script CMakeFiles/cmTC_5ab39.dir/link.txt --verbose=1
/usr/bin/cc  -DCHECK_FUNCTION_EXISTS=gethostbyname    CMakeFiles/cmTC_5ab39.dir/CheckFunctionExists.c.o  -o cmTC_5ab39 
make[1] : on quitte le répertoire « /root/mumble/build/CMakeFiles/CMakeTmp »



Determining if the function connect exists passed with the following output:
Change Dir: /root/mumble/build/CMakeFiles/CMakeTmp

Run Build Command(s):/usr/bin/make cmTC_2202a/fast && /usr/bin/make -f CMakeFiles/cmTC_2202a.dir/build.make CMakeFiles/cmTC_2202a.dir/build
make[1] : on entre dans le répertoire « /root/mumble/build/CMakeFiles/CMakeTmp »
Building C object CMakeFiles/cmTC_2202a.dir/CheckFunctionExists.c.o
/usr/bin/cc   -DCHECK_FUNCTION_EXISTS=connect -fPIE   -o CMakeFiles/cmTC_2202a.dir/CheckFunctionExists.c.o   -c /usr/share/cmake-3.16/Modules/CheckFunctionExists.c
Linking C executable cmTC_2202a
/usr/bin/cmake -E cmake_link_script CMakeFiles/cmTC_2202a.dir/link.txt --verbose=1
/usr/bin/cc  -DCHECK_FUNCTION_EXISTS=connect    CMakeFiles/cmTC_2202a.dir/CheckFunctionExists.c.o  -o cmTC_2202a 
make[1] : on quitte le répertoire « /root/mumble/build/CMakeFiles/CMakeTmp »



Determining if the function remove exists passed with the following output:
Change Dir: /root/mumble/build/CMakeFiles/CMakeTmp

Run Build Command(s):/usr/bin/make cmTC_d4fd1/fast && /usr/bin/make -f CMakeFiles/cmTC_d4fd1.dir/build.make CMakeFiles/cmTC_d4fd1.dir/build
make[1] : on entre dans le répertoire « /root/mumble/build/CMakeFiles/CMakeTmp »
Building C object CMakeFiles/cmTC_d4fd1.dir/CheckFunctionExists.c.o
/usr/bin/cc   -DCHECK_FUNCTION_EXISTS=remove -fPIE   -o CMakeFiles/cmTC_d4fd1.dir/CheckFunctionExists.c.o   -c /usr/share/cmake-3.16/Modules/CheckFunctionExists.c
Linking C executable cmTC_d4fd1
/usr/bin/cmake -E cmake_link_script CMakeFiles/cmTC_d4fd1.dir/link.txt --verbose=1
/usr/bin/cc  -DCHECK_FUNCTION_EXISTS=remove    CMakeFiles/cmTC_d4fd1.dir/CheckFunctionExists.c.o  -o cmTC_d4fd1 
make[1] : on quitte le répertoire « /root/mumble/build/CMakeFiles/CMakeTmp »



Determining if the function shmat exists passed with the following output:
Change Dir: /root/mumble/build/CMakeFiles/CMakeTmp

Run Build Command(s):/usr/bin/make cmTC_f7ff0/fast && /usr/bin/make -f CMakeFiles/cmTC_f7ff0.dir/build.make CMakeFiles/cmTC_f7ff0.dir/build
make[1] : on entre dans le répertoire « /root/mumble/build/CMakeFiles/CMakeTmp »
Building C object CMakeFiles/cmTC_f7ff0.dir/CheckFunctionExists.c.o
/usr/bin/cc   -DCHECK_FUNCTION_EXISTS=shmat -fPIE   -o CMakeFiles/cmTC_f7ff0.dir/CheckFunctionExists.c.o   -c /usr/share/cmake-3.16/Modules/CheckFunctionExists.c
Linking C executable cmTC_f7ff0
/usr/bin/cmake -E cmake_link_script CMakeFiles/cmTC_f7ff0.dir/link.txt --verbose=1
/usr/bin/cc  -DCHECK_FUNCTION_EXISTS=shmat    CMakeFiles/cmTC_f7ff0.dir/CheckFunctionExists.c.o  -o cmTC_f7ff0 
make[1] : on quitte le répertoire « /root/mumble/build/CMakeFiles/CMakeTmp »



Determining if the function floor exists in the m passed with the following output:
Change Dir: /root/mumble/build/CMakeFiles/CMakeTmp

Run Build Command(s):/usr/bin/make cmTC_c08ab/fast && /usr/bin/make -f CMakeFiles/cmTC_c08ab.dir/build.make CMakeFiles/cmTC_c08ab.dir/build
make[1] : on entre dans le répertoire « /root/mumble/build/CMakeFiles/CMakeTmp »
Building C object CMakeFiles/cmTC_c08ab.dir/CheckFunctionExists.c.o
/usr/bin/cc   -DCHECK_FUNCTION_EXISTS=floor -fPIE   -o CMakeFiles/cmTC_c08ab.dir/CheckFunctionExists.c.o   -c /usr/share/cmake-3.16/Modules/CheckFunctionExists.c
<command-line>: warning: conflicting types for built-in function ‘floor’; expected ‘double(double)’ [-Wbuiltin-declaration-mismatch]
/usr/share/cmake-3.16/Modules/CheckFunctionExists.c:7:3: note: in expansion of macro ‘CHECK_FUNCTION_EXISTS’
    7 |   CHECK_FUNCTION_EXISTS(void);
      |   ^~~~~~~~~~~~~~~~~~~~~
/usr/share/cmake-3.16/Modules/CheckFunctionExists.c:1:1: note: ‘floor’ is declared in header ‘<math.h>’
  +++ |+#include <math.h>
    1 | #ifdef CHECK_FUNCTION_EXISTS
Linking C executable cmTC_c08ab
/usr/bin/cmake -E cmake_link_script CMakeFiles/cmTC_c08ab.dir/link.txt --verbose=1
/usr/bin/cc  -DCHECK_FUNCTION_EXISTS=floor    CMakeFiles/cmTC_c08ab.dir/CheckFunctionExists.c.o  -o cmTC_c08ab  -lm 
make[1] : on quitte le répertoire « /root/mumble/build/CMakeFiles/CMakeTmp »



Determining if the include file alloca.h exists passed with the following output:
Change Dir: /root/mumble/build/CMakeFiles/CMakeTmp

Run Build Command(s):/usr/bin/make cmTC_b7158/fast && /usr/bin/make -f CMakeFiles/cmTC_b7158.dir/build.make CMakeFiles/cmTC_b7158.dir/build
make[1] : on entre dans le répertoire « /root/mumble/build/CMakeFiles/CMakeTmp »
Building C object CMakeFiles/cmTC_b7158.dir/CheckIncludeFile.c.o
/usr/bin/cc   -fPIE   -o CMakeFiles/cmTC_b7158.dir/CheckIncludeFile.c.o   -c /root/mumble/build/CMakeFiles/CMakeTmp/CheckIncludeFile.c
Linking C executable cmTC_b7158
/usr/bin/cmake -E cmake_link_script CMakeFiles/cmTC_b7158.dir/link.txt --verbose=1
/usr/bin/cc      CMakeFiles/cmTC_b7158.dir/CheckIncludeFile.c.o  -o cmTC_b7158 
make[1] : on quitte le répertoire « /root/mumble/build/CMakeFiles/CMakeTmp »



Determining if the alloca exist passed with the following output:
Change Dir: /root/mumble/build/CMakeFiles/CMakeTmp

Run Build Command(s):/usr/bin/make cmTC_61546/fast && /usr/bin/make -f CMakeFiles/cmTC_61546.dir/build.make CMakeFiles/cmTC_61546.dir/build
make[1] : on entre dans le répertoire « /root/mumble/build/CMakeFiles/CMakeTmp »
Building C object CMakeFiles/cmTC_61546.dir/CheckSymbolExists.c.o
/usr/bin/cc   -fPIE   -o CMakeFiles/cmTC_61546.dir/CheckSymbolExists.c.o   -c /root/mumble/build/CMakeFiles/CMakeTmp/CheckSymbolExists.c
Linking C executable cmTC_61546
/usr/bin/cmake -E cmake_link_script CMakeFiles/cmTC_61546.dir/link.txt --verbose=1
/usr/bin/cc      -rdynamic CMakeFiles/cmTC_61546.dir/CheckSymbolExists.c.o  -o cmTC_61546 
make[1] : on quitte le répertoire « /root/mumble/build/CMakeFiles/CMakeTmp »


File /root/mumble/build/CMakeFiles/CMakeTmp/CheckSymbolExists.c:
/* */
#include <alloca.h>

int main(int argc, char** argv)
{
  (void)argv;
#ifndef alloca
  return ((int*)(&alloca))[argc];
#else
  (void)argc;
  return 0;
#endif
}
Determining if the include file cpuid.h exists passed with the following output:
Change Dir: /root/mumble/build/CMakeFiles/CMakeTmp

Run Build Command(s):/usr/bin/make cmTC_57a18/fast && /usr/bin/make -f CMakeFiles/cmTC_57a18.dir/build.make CMakeFiles/cmTC_57a18.dir/build
make[1] : on entre dans le répertoire « /root/mumble/build/CMakeFiles/CMakeTmp »
Building C object CMakeFiles/cmTC_57a18.dir/CheckIncludeFile.c.o
/usr/bin/cc   -fPIE   -o CMakeFiles/cmTC_57a18.dir/CheckIncludeFile.c.o   -c /root/mumble/build/CMakeFiles/CMakeTmp/CheckIncludeFile.c
Linking C executable cmTC_57a18
/usr/bin/cmake -E cmake_link_script CMakeFiles/cmTC_57a18.dir/link.txt --verbose=1
/usr/bin/cc      CMakeFiles/cmTC_57a18.dir/CheckIncludeFile.c.o  -o cmTC_57a18 
make[1] : on quitte le répertoire « /root/mumble/build/CMakeFiles/CMakeTmp »



Determining if the include file xmmintrin.h exists passed with the following output:
Change Dir: /root/mumble/build/CMakeFiles/CMakeTmp

Run Build Command(s):/usr/bin/make cmTC_8ae34/fast && /usr/bin/make -f CMakeFiles/cmTC_8ae34.dir/build.make CMakeFiles/cmTC_8ae34.dir/build
make[1] : on entre dans le répertoire « /root/mumble/build/CMakeFiles/CMakeTmp »
Building C object CMakeFiles/cmTC_8ae34.dir/CheckIncludeFile.c.o
/usr/bin/cc   -fPIE   -o CMakeFiles/cmTC_8ae34.dir/CheckIncludeFile.c.o   -c /root/mumble/build/CMakeFiles/CMakeTmp/CheckIncludeFile.c
Linking C executable cmTC_8ae34
/usr/bin/cmake -E cmake_link_script CMakeFiles/cmTC_8ae34.dir/link.txt --verbose=1
/usr/bin/cc      CMakeFiles/cmTC_8ae34.dir/CheckIncludeFile.c.o  -o cmTC_8ae34 
make[1] : on quitte le répertoire « /root/mumble/build/CMakeFiles/CMakeTmp »



Performing C SOURCE FILE Test SSE1_SUPPORTED succeeded with the following output:
Change Dir: /root/mumble/build/CMakeFiles/CMakeTmp

Run Build Command(s):/usr/bin/make cmTC_5eccd/fast && /usr/bin/make -f CMakeFiles/cmTC_5eccd.dir/build.make CMakeFiles/cmTC_5eccd.dir/build
make[1]: Entering directory '/root/mumble/build/CMakeFiles/CMakeTmp'
Building C object CMakeFiles/cmTC_5eccd.dir/src.c.o
/usr/bin/cc   -DSSE1_SUPPORTED -fPIE   -msse -o CMakeFiles/cmTC_5eccd.dir/src.c.o   -c /root/mumble/build/CMakeFiles/CMakeTmp/src.c
Linking C executable cmTC_5eccd
/usr/bin/cmake -E cmake_link_script CMakeFiles/cmTC_5eccd.dir/link.txt --verbose=1
/usr/bin/cc  -DSSE1_SUPPORTED    CMakeFiles/cmTC_5eccd.dir/src.c.o  -o cmTC_5eccd 
make[1]: Leaving directory '/root/mumble/build/CMakeFiles/CMakeTmp'


Source file was:
int main(void) { return 0; }
Determining if the include file emmintrin.h exists passed with the following output:
Change Dir: /root/mumble/build/CMakeFiles/CMakeTmp

Run Build Command(s):/usr/bin/make cmTC_32370/fast && /usr/bin/make -f CMakeFiles/cmTC_32370.dir/build.make CMakeFiles/cmTC_32370.dir/build
make[1] : on entre dans le répertoire « /root/mumble/build/CMakeFiles/CMakeTmp »
Building C object CMakeFiles/cmTC_32370.dir/CheckIncludeFile.c.o
/usr/bin/cc   -fPIE   -o CMakeFiles/cmTC_32370.dir/CheckIncludeFile.c.o   -c /root/mumble/build/CMakeFiles/CMakeTmp/CheckIncludeFile.c
Linking C executable cmTC_32370
/usr/bin/cmake -E cmake_link_script CMakeFiles/cmTC_32370.dir/link.txt --verbose=1
/usr/bin/cc      CMakeFiles/cmTC_32370.dir/CheckIncludeFile.c.o  -o cmTC_32370 
make[1] : on quitte le répertoire « /root/mumble/build/CMakeFiles/CMakeTmp »



Performing C SOURCE FILE Test SSE2_SUPPORTED succeeded with the following output:
Change Dir: /root/mumble/build/CMakeFiles/CMakeTmp

Run Build Command(s):/usr/bin/make cmTC_ee0ea/fast && /usr/bin/make -f CMakeFiles/cmTC_ee0ea.dir/build.make CMakeFiles/cmTC_ee0ea.dir/build
make[1]: Entering directory '/root/mumble/build/CMakeFiles/CMakeTmp'
Building C object CMakeFiles/cmTC_ee0ea.dir/src.c.o
/usr/bin/cc   -DSSE2_SUPPORTED -fPIE   -msse2 -o CMakeFiles/cmTC_ee0ea.dir/src.c.o   -c /root/mumble/build/CMakeFiles/CMakeTmp/src.c
Linking C executable cmTC_ee0ea
/usr/bin/cmake -E cmake_link_script CMakeFiles/cmTC_ee0ea.dir/link.txt --verbose=1
/usr/bin/cc  -DSSE2_SUPPORTED    CMakeFiles/cmTC_ee0ea.dir/src.c.o  -o cmTC_ee0ea 
make[1]: Leaving directory '/root/mumble/build/CMakeFiles/CMakeTmp'


Source file was:
int main(void) { return 0; }
Determining if the include file smmintrin.h exists passed with the following output:
Change Dir: /root/mumble/build/CMakeFiles/CMakeTmp

Run Build Command(s):/usr/bin/make cmTC_eb7db/fast && /usr/bin/make -f CMakeFiles/cmTC_eb7db.dir/build.make CMakeFiles/cmTC_eb7db.dir/build
make[1] : on entre dans le répertoire « /root/mumble/build/CMakeFiles/CMakeTmp »
Building C object CMakeFiles/cmTC_eb7db.dir/CheckIncludeFile.c.o
/usr/bin/cc   -fPIE   -o CMakeFiles/cmTC_eb7db.dir/CheckIncludeFile.c.o   -c /root/mumble/build/CMakeFiles/CMakeTmp/CheckIncludeFile.c
Linking C executable cmTC_eb7db
/usr/bin/cmake -E cmake_link_script CMakeFiles/cmTC_eb7db.dir/link.txt --verbose=1
/usr/bin/cc      CMakeFiles/cmTC_eb7db.dir/CheckIncludeFile.c.o  -o cmTC_eb7db 
make[1] : on quitte le répertoire « /root/mumble/build/CMakeFiles/CMakeTmp »



Performing C SOURCE FILE Test SSE4_1_SUPPORTED succeeded with the following output:
Change Dir: /root/mumble/build/CMakeFiles/CMakeTmp

Run Build Command(s):/usr/bin/make cmTC_cfc4c/fast && /usr/bin/make -f CMakeFiles/cmTC_cfc4c.dir/build.make CMakeFiles/cmTC_cfc4c.dir/build
make[1]: Entering directory '/root/mumble/build/CMakeFiles/CMakeTmp'
Building C object CMakeFiles/cmTC_cfc4c.dir/src.c.o
/usr/bin/cc   -DSSE4_1_SUPPORTED -fPIE   -msse4.1 -o CMakeFiles/cmTC_cfc4c.dir/src.c.o   -c /root/mumble/build/CMakeFiles/CMakeTmp/src.c
Linking C executable cmTC_cfc4c
/usr/bin/cmake -E cmake_link_script CMakeFiles/cmTC_cfc4c.dir/link.txt --verbose=1
/usr/bin/cc  -DSSE4_1_SUPPORTED    CMakeFiles/cmTC_cfc4c.dir/src.c.o  -o cmTC_cfc4c 
make[1]: Leaving directory '/root/mumble/build/CMakeFiles/CMakeTmp'


Source file was:
int main(void) { return 0; }
Determining if the include file immintrin.h exists passed with the following output:
Change Dir: /root/mumble/build/CMakeFiles/CMakeTmp

Run Build Command(s):/usr/bin/make cmTC_70f45/fast && /usr/bin/make -f CMakeFiles/cmTC_70f45.dir/build.make CMakeFiles/cmTC_70f45.dir/build
make[1] : on entre dans le répertoire « /root/mumble/build/CMakeFiles/CMakeTmp »
Building C object CMakeFiles/cmTC_70f45.dir/CheckIncludeFile.c.o
/usr/bin/cc   -fPIE   -o CMakeFiles/cmTC_70f45.dir/CheckIncludeFile.c.o   -c /root/mumble/build/CMakeFiles/CMakeTmp/CheckIncludeFile.c
Linking C executable cmTC_70f45
/usr/bin/cmake -E cmake_link_script CMakeFiles/cmTC_70f45.dir/link.txt --verbose=1
/usr/bin/cc      CMakeFiles/cmTC_70f45.dir/CheckIncludeFile.c.o  -o cmTC_70f45 
make[1] : on quitte le répertoire « /root/mumble/build/CMakeFiles/CMakeTmp »



Performing C SOURCE FILE Test AVX_SUPPORTED succeeded with the following output:
Change Dir: /root/mumble/build/CMakeFiles/CMakeTmp

Run Build Command(s):/usr/bin/make cmTC_7c2e0/fast && /usr/bin/make -f CMakeFiles/cmTC_7c2e0.dir/build.make CMakeFiles/cmTC_7c2e0.dir/build
make[1]: Entering directory '/root/mumble/build/CMakeFiles/CMakeTmp'
Building C object CMakeFiles/cmTC_7c2e0.dir/src.c.o
/usr/bin/cc   -DAVX_SUPPORTED -fPIE   -mavx -o CMakeFiles/cmTC_7c2e0.dir/src.c.o   -c /root/mumble/build/CMakeFiles/CMakeTmp/src.c
Linking C executable cmTC_7c2e0
/usr/bin/cmake -E cmake_link_script CMakeFiles/cmTC_7c2e0.dir/link.txt --verbose=1
/usr/bin/cc  -DAVX_SUPPORTED    CMakeFiles/cmTC_7c2e0.dir/src.c.o  -o cmTC_7c2e0 
make[1]: Leaving directory '/root/mumble/build/CMakeFiles/CMakeTmp'


Source file was:
int main(void) { return 0; }
Performing C SOURCE FILE Test FAST_MATH_SUPPORTED succeeded with the following output:
Change Dir: /root/mumble/build/CMakeFiles/CMakeTmp

Run Build Command(s):/usr/bin/make cmTC_801c5/fast && /usr/bin/make -f CMakeFiles/cmTC_801c5.dir/build.make CMakeFiles/cmTC_801c5.dir/build
make[1]: Entering directory '/root/mumble/build/CMakeFiles/CMakeTmp'
Building C object CMakeFiles/cmTC_801c5.dir/src.c.o
/usr/bin/cc   -DFAST_MATH_SUPPORTED -fPIE   -ffast-math -o CMakeFiles/cmTC_801c5.dir/src.c.o   -c /root/mumble/build/CMakeFiles/CMakeTmp/src.c
Linking C executable cmTC_801c5
/usr/bin/cmake -E cmake_link_script CMakeFiles/cmTC_801c5.dir/link.txt --verbose=1
/usr/bin/cc  -DFAST_MATH_SUPPORTED    CMakeFiles/cmTC_801c5.dir/src.c.o  -o cmTC_801c5 
make[1]: Leaving directory '/root/mumble/build/CMakeFiles/CMakeTmp'


Source file was:
int main(void) { return 0; }
Performing C SOURCE FILE Test STACK_PROTECTOR_SUPPORTED succeeded with the following output:
Change Dir: /root/mumble/build/CMakeFiles/CMakeTmp

Run Build Command(s):/usr/bin/make cmTC_7145f/fast && /usr/bin/make -f CMakeFiles/cmTC_7145f.dir/build.make CMakeFiles/cmTC_7145f.dir/build
make[1]: Entering directory '/root/mumble/build/CMakeFiles/CMakeTmp'
Building C object CMakeFiles/cmTC_7145f.dir/src.c.o
/usr/bin/cc   -DSTACK_PROTECTOR_SUPPORTED -fPIE   -fstack-protector-strong -o CMakeFiles/cmTC_7145f.dir/src.c.o   -c /root/mumble/build/CMakeFiles/CMakeTmp/src.c
Linking C executable cmTC_7145f
/usr/bin/cmake -E cmake_link_script CMakeFiles/cmTC_7145f.dir/link.txt --verbose=1
/usr/bin/cc  -DSTACK_PROTECTOR_SUPPORTED    CMakeFiles/cmTC_7145f.dir/src.c.o  -o cmTC_7145f 
make[1]: Leaving directory '/root/mumble/build/CMakeFiles/CMakeTmp'


Source file was:
int main(void) { return 0; }
Performing C SOURCE FILE Test HIDDEN_VISIBILITY_SUPPORTED succeeded with the following output:
Change Dir: /root/mumble/build/CMakeFiles/CMakeTmp

Run Build Command(s):/usr/bin/make cmTC_3b3c4/fast && /usr/bin/make -f CMakeFiles/cmTC_3b3c4.dir/build.make CMakeFiles/cmTC_3b3c4.dir/build
make[1]: Entering directory '/root/mumble/build/CMakeFiles/CMakeTmp'
Building C object CMakeFiles/cmTC_3b3c4.dir/src.c.o
/usr/bin/cc   -DHIDDEN_VISIBILITY_SUPPORTED -fPIE   -fvisibility=hidden -o CMakeFiles/cmTC_3b3c4.dir/src.c.o   -c /root/mumble/build/CMakeFiles/CMakeTmp/src.c
Linking C executable cmTC_3b3c4
/usr/bin/cmake -E cmake_link_script CMakeFiles/cmTC_3b3c4.dir/link.txt --verbose=1
/usr/bin/cc  -DHIDDEN_VISIBILITY_SUPPORTED    CMakeFiles/cmTC_3b3c4.dir/src.c.o  -o cmTC_3b3c4 
make[1]: Leaving directory '/root/mumble/build/CMakeFiles/CMakeTmp'


Source file was:
int main(void) { return 0; }
Performing C SOURCE FILE Test Wall_SUPPORTED succeeded with the following output:
Change Dir: /root/mumble/build/CMakeFiles/CMakeTmp

Run Build Command(s):/usr/bin/make cmTC_09dad/fast && /usr/bin/make -f CMakeFiles/cmTC_09dad.dir/build.make CMakeFiles/cmTC_09dad.dir/build
make[1]: Entering directory '/root/mumble/build/CMakeFiles/CMakeTmp'
Building C object CMakeFiles/cmTC_09dad.dir/src.c.o
/usr/bin/cc   -DWall_SUPPORTED -fPIE   -Wall -o CMakeFiles/cmTC_09dad.dir/src.c.o   -c /root/mumble/build/CMakeFiles/CMakeTmp/src.c
Linking C executable cmTC_09dad
/usr/bin/cmake -E cmake_link_script CMakeFiles/cmTC_09dad.dir/link.txt --verbose=1
/usr/bin/cc  -DWall_SUPPORTED    CMakeFiles/cmTC_09dad.dir/src.c.o  -o cmTC_09dad 
make[1]: Leaving directory '/root/mumble/build/CMakeFiles/CMakeTmp'


Source file was:
int main(void) { return 0; }
Performing C SOURCE FILE Test W_SUPPORTED succeeded with the following output:
Change Dir: /root/mumble/build/CMakeFiles/CMakeTmp

Run Build Command(s):/usr/bin/make cmTC_910ea/fast && /usr/bin/make -f CMakeFiles/cmTC_910ea.dir/build.make CMakeFiles/cmTC_910ea.dir/build
make[1]: Entering directory '/root/mumble/build/CMakeFiles/CMakeTmp'
Building C object CMakeFiles/cmTC_910ea.dir/src.c.o
/usr/bin/cc   -DW_SUPPORTED -fPIE   -W -o CMakeFiles/cmTC_910ea.dir/src.c.o   -c /root/mumble/build/CMakeFiles/CMakeTmp/src.c
Linking C executable cmTC_910ea
/usr/bin/cmake -E cmake_link_script CMakeFiles/cmTC_910ea.dir/link.txt --verbose=1
/usr/bin/cc  -DW_SUPPORTED    CMakeFiles/cmTC_910ea.dir/src.c.o  -o cmTC_910ea 
make[1]: Leaving directory '/root/mumble/build/CMakeFiles/CMakeTmp'


Source file was:
int main(void) { return 0; }
Performing C SOURCE FILE Test Wstrictprototypes_SUPPORTED succeeded with the following output:
Change Dir: /root/mumble/build/CMakeFiles/CMakeTmp

Run Build Command(s):/usr/bin/make cmTC_bc942/fast && /usr/bin/make -f CMakeFiles/cmTC_bc942.dir/build.make CMakeFiles/cmTC_bc942.dir/build
make[1]: Entering directory '/root/mumble/build/CMakeFiles/CMakeTmp'
Building C object CMakeFiles/cmTC_bc942.dir/src.c.o
/usr/bin/cc   -DWstrictprototypes_SUPPORTED -fPIE   -Wstrict-prototypes -o CMakeFiles/cmTC_bc942.dir/src.c.o   -c /root/mumble/build/CMakeFiles/CMakeTmp/src.c
Linking C executable cmTC_bc942
/usr/bin/cmake -E cmake_link_script CMakeFiles/cmTC_bc942.dir/link.txt --verbose=1
/usr/bin/cc  -DWstrictprototypes_SUPPORTED    CMakeFiles/cmTC_bc942.dir/src.c.o  -o cmTC_bc942 
make[1]: Leaving directory '/root/mumble/build/CMakeFiles/CMakeTmp'


Source file was:
int main(void) { return 0; }
Performing C SOURCE FILE Test Wextra_SUPPORTED succeeded with the following output:
Change Dir: /root/mumble/build/CMakeFiles/CMakeTmp

Run Build Command(s):/usr/bin/make cmTC_86da8/fast && /usr/bin/make -f CMakeFiles/cmTC_86da8.dir/build.make CMakeFiles/cmTC_86da8.dir/build
make[1]: Entering directory '/root/mumble/build/CMakeFiles/CMakeTmp'
Building C object CMakeFiles/cmTC_86da8.dir/src.c.o
/usr/bin/cc   -DWextra_SUPPORTED -fPIE   -Wextra -o CMakeFiles/cmTC_86da8.dir/src.c.o   -c /root/mumble/build/CMakeFiles/CMakeTmp/src.c
Linking C executable cmTC_86da8
/usr/bin/cmake -E cmake_link_script CMakeFiles/cmTC_86da8.dir/link.txt --verbose=1
/usr/bin/cc  -DWextra_SUPPORTED    CMakeFiles/cmTC_86da8.dir/src.c.o  -o cmTC_86da8 
make[1]: Leaving directory '/root/mumble/build/CMakeFiles/CMakeTmp'


Source file was:
int main(void) { return 0; }
Performing C SOURCE FILE Test Wcastalign_SUPPORTED succeeded with the following output:
Change Dir: /root/mumble/build/CMakeFiles/CMakeTmp

Run Build Command(s):/usr/bin/make cmTC_c3b1f/fast && /usr/bin/make -f CMakeFiles/cmTC_c3b1f.dir/build.make CMakeFiles/cmTC_c3b1f.dir/build
make[1]: Entering directory '/root/mumble/build/CMakeFiles/CMakeTmp'
Building C object CMakeFiles/cmTC_c3b1f.dir/src.c.o
/usr/bin/cc   -DWcastalign_SUPPORTED -fPIE   -Wcast-align -o CMakeFiles/cmTC_c3b1f.dir/src.c.o   -c /root/mumble/build/CMakeFiles/CMakeTmp/src.c
Linking C executable cmTC_c3b1f
/usr/bin/cmake -E cmake_link_script CMakeFiles/cmTC_c3b1f.dir/link.txt --verbose=1
/usr/bin/cc  -DWcastalign_SUPPORTED    CMakeFiles/cmTC_c3b1f.dir/src.c.o  -o cmTC_c3b1f 
make[1]: Leaving directory '/root/mumble/build/CMakeFiles/CMakeTmp'


Source file was:
int main(void) { return 0; }
Performing C SOURCE FILE Test Wnestedexterns_SUPPORTED succeeded with the following output:
Change Dir: /root/mumble/build/CMakeFiles/CMakeTmp

Run Build Command(s):/usr/bin/make cmTC_12fec/fast && /usr/bin/make -f CMakeFiles/cmTC_12fec.dir/build.make CMakeFiles/cmTC_12fec.dir/build
make[1]: Entering directory '/root/mumble/build/CMakeFiles/CMakeTmp'
Building C object CMakeFiles/cmTC_12fec.dir/src.c.o
/usr/bin/cc   -DWnestedexterns_SUPPORTED -fPIE   -Wnested-externs -o CMakeFiles/cmTC_12fec.dir/src.c.o   -c /root/mumble/build/CMakeFiles/CMakeTmp/src.c
Linking C executable cmTC_12fec
/usr/bin/cmake -E cmake_link_script CMakeFiles/cmTC_12fec.dir/link.txt --verbose=1
/usr/bin/cc  -DWnestedexterns_SUPPORTED    CMakeFiles/cmTC_12fec.dir/src.c.o  -o cmTC_12fec 
make[1]: Leaving directory '/root/mumble/build/CMakeFiles/CMakeTmp'


Source file was:
int main(void) { return 0; }
Performing C SOURCE FILE Test Wshadow_SUPPORTED succeeded with the following output:
Change Dir: /root/mumble/build/CMakeFiles/CMakeTmp

Run Build Command(s):/usr/bin/make cmTC_9d7b5/fast && /usr/bin/make -f CMakeFiles/cmTC_9d7b5.dir/build.make CMakeFiles/cmTC_9d7b5.dir/build
make[1]: Entering directory '/root/mumble/build/CMakeFiles/CMakeTmp'
Building C object CMakeFiles/cmTC_9d7b5.dir/src.c.o
/usr/bin/cc   -DWshadow_SUPPORTED -fPIE   -Wshadow -o CMakeFiles/cmTC_9d7b5.dir/src.c.o   -c /root/mumble/build/CMakeFiles/CMakeTmp/src.c
Linking C executable cmTC_9d7b5
/usr/bin/cmake -E cmake_link_script CMakeFiles/cmTC_9d7b5.dir/link.txt --verbose=1
/usr/bin/cc  -DWshadow_SUPPORTED    CMakeFiles/cmTC_9d7b5.dir/src.c.o  -o cmTC_9d7b5 
make[1]: Leaving directory '/root/mumble/build/CMakeFiles/CMakeTmp'


Source file was:
int main(void) { return 0; }
Determining if the include file sys/cdefs.h exists passed with the following output:
Change Dir: /root/mumble/build/CMakeFiles/CMakeTmp

Run Build Command(s):/usr/bin/make cmTC_7afa9/fast && /usr/bin/make -f CMakeFiles/cmTC_7afa9.dir/build.make CMakeFiles/cmTC_7afa9.dir/build
make[1] : on entre dans le répertoire « /root/mumble/build/CMakeFiles/CMakeTmp »
Building C object CMakeFiles/cmTC_7afa9.dir/CheckIncludeFile.c.o
/usr/bin/cc   -m32  -fPIE   -o CMakeFiles/cmTC_7afa9.dir/CheckIncludeFile.c.o   -c /root/mumble/build/CMakeFiles/CMakeTmp/CheckIncludeFile.c
Linking C executable cmTC_7afa9
/usr/bin/cmake -E cmake_link_script CMakeFiles/cmTC_7afa9.dir/link.txt --verbose=1
/usr/bin/cc  -m32     CMakeFiles/cmTC_7afa9.dir/CheckIncludeFile.c.o  -o cmTC_7afa9 
make[1] : on quitte le répertoire « /root/mumble/build/CMakeFiles/CMakeTmp »



