Performing C++ SOURCE FILE Test COMPILER_HAS_MBIG_OBJ failed with the following output:
Change Dir: /root/mumble/build/CMakeFiles/CMakeTmp

Run Build Command(s):/usr/bin/make cmTC_ca5ae/fast && /usr/bin/make -f CMakeFiles/cmTC_ca5ae.dir/build.make CMakeFiles/cmTC_ca5ae.dir/build
make[1]: Entering directory '/root/mumble/build/CMakeFiles/CMakeTmp'
Building CXX object CMakeFiles/cmTC_ca5ae.dir/src.cxx.o
/usr/bin/c++    -DCOMPILER_HAS_MBIG_OBJ -fPIE   Wa,-mbig-obj -std=gnu++14 -o CMakeFiles/cmTC_ca5ae.dir/src.cxx.o -c /root/mumble/build/CMakeFiles/CMakeTmp/src.cxx
c++: error: Wa,-mbig-obj: No such file or directory
make[1]: *** [CMakeFiles/cmTC_ca5ae.dir/build.make:66: CMakeFiles/cmTC_ca5ae.dir/src.cxx.o] Error 1
make[1]: Leaving directory '/root/mumble/build/CMakeFiles/CMakeTmp'
make: *** [Makefile:121: cmTC_ca5ae/fast] Error 2


Source file was:
int main() { return 0; }
Performing C SOURCE FILE Test CMAKE_HAVE_LIBC_PTHREAD failed with the following output:
Change Dir: /root/mumble/build/CMakeFiles/CMakeTmp

Run Build Command(s):/usr/bin/make cmTC_0e645/fast && /usr/bin/make -f CMakeFiles/cmTC_0e645.dir/build.make CMakeFiles/cmTC_0e645.dir/build
make[1] : on entre dans le répertoire « /root/mumble/build/CMakeFiles/CMakeTmp »
Building C object CMakeFiles/cmTC_0e645.dir/src.c.o
/usr/bin/cc   -DCMAKE_HAVE_LIBC_PTHREAD -fPIE   -o CMakeFiles/cmTC_0e645.dir/src.c.o   -c /root/mumble/build/CMakeFiles/CMakeTmp/src.c
Linking C executable cmTC_0e645
/usr/bin/cmake -E cmake_link_script CMakeFiles/cmTC_0e645.dir/link.txt --verbose=1
/usr/bin/cc  -DCMAKE_HAVE_LIBC_PTHREAD    CMakeFiles/cmTC_0e645.dir/src.c.o  -o cmTC_0e645 
/usr/bin/ld : CMakeFiles/cmTC_0e645.dir/src.c.o : dans la fonction « main » :
src.c:(.text+0x46) : référence indéfinie vers « pthread_create »
/usr/bin/ld : src.c:(.text+0x52) : référence indéfinie vers « pthread_detach »
/usr/bin/ld : src.c:(.text+0x63) : référence indéfinie vers « pthread_join »
collect2: error: ld returned 1 exit status
make[1]: *** [CMakeFiles/cmTC_0e645.dir/build.make:87 : cmTC_0e645] Erreur 1
make[1] : on quitte le répertoire « /root/mumble/build/CMakeFiles/CMakeTmp »
make: *** [Makefile:121 : cmTC_0e645/fast] Erreur 2


Source file was:
#include <pthread.h>

void* test_func(void* data)
{
  return data;
}

int main(void)
{
  pthread_t thread;
  pthread_create(&thread, NULL, test_func, NULL);
  pthread_detach(thread);
  pthread_join(thread, NULL);
  pthread_atfork(NULL, NULL, NULL);
  pthread_exit(NULL);

  return 0;
}

Determining if the function pthread_create exists in the pthreads failed with the following output:
Change Dir: /root/mumble/build/CMakeFiles/CMakeTmp

Run Build Command(s):/usr/bin/make cmTC_520ca/fast && /usr/bin/make -f CMakeFiles/cmTC_520ca.dir/build.make CMakeFiles/cmTC_520ca.dir/build
make[1] : on entre dans le répertoire « /root/mumble/build/CMakeFiles/CMakeTmp »
Building C object CMakeFiles/cmTC_520ca.dir/CheckFunctionExists.c.o
/usr/bin/cc   -DCHECK_FUNCTION_EXISTS=pthread_create -fPIE   -o CMakeFiles/cmTC_520ca.dir/CheckFunctionExists.c.o   -c /usr/share/cmake-3.16/Modules/CheckFunctionExists.c
Linking C executable cmTC_520ca
/usr/bin/cmake -E cmake_link_script CMakeFiles/cmTC_520ca.dir/link.txt --verbose=1
/usr/bin/cc  -DCHECK_FUNCTION_EXISTS=pthread_create    CMakeFiles/cmTC_520ca.dir/CheckFunctionExists.c.o  -o cmTC_520ca  -lpthreads 
/usr/bin/ld : ne peut trouver -lpthreads
collect2: error: ld returned 1 exit status
make[1]: *** [CMakeFiles/cmTC_520ca.dir/build.make:87 : cmTC_520ca] Erreur 1
make[1] : on quitte le répertoire « /root/mumble/build/CMakeFiles/CMakeTmp »
make: *** [Makefile:121 : cmTC_520ca/fast] Erreur 2



Determining if the function lrintf exists failed with the following output:
Change Dir: /root/mumble/build/CMakeFiles/CMakeTmp

Run Build Command(s):/usr/bin/make cmTC_4530f/fast && /usr/bin/make -f CMakeFiles/cmTC_4530f.dir/build.make CMakeFiles/cmTC_4530f.dir/build
make[1] : on entre dans le répertoire « /root/mumble/build/CMakeFiles/CMakeTmp »
Building C object CMakeFiles/cmTC_4530f.dir/CheckFunctionExists.c.o
/usr/bin/cc   -DCHECK_FUNCTION_EXISTS=lrintf -fPIE   -o CMakeFiles/cmTC_4530f.dir/CheckFunctionExists.c.o   -c /usr/share/cmake-3.16/Modules/CheckFunctionExists.c
<command-line>: warning: conflicting types for built-in function ‘lrintf’; expected ‘long int(float)’ [-Wbuiltin-declaration-mismatch]
/usr/share/cmake-3.16/Modules/CheckFunctionExists.c:7:3: note: in expansion of macro ‘CHECK_FUNCTION_EXISTS’
    7 |   CHECK_FUNCTION_EXISTS(void);
      |   ^~~~~~~~~~~~~~~~~~~~~
/usr/share/cmake-3.16/Modules/CheckFunctionExists.c:1:1: note: ‘lrintf’ is declared in header ‘<math.h>’
  +++ |+#include <math.h>
    1 | #ifdef CHECK_FUNCTION_EXISTS
Linking C executable cmTC_4530f
/usr/bin/cmake -E cmake_link_script CMakeFiles/cmTC_4530f.dir/link.txt --verbose=1
/usr/bin/cc  -DCHECK_FUNCTION_EXISTS=lrintf    CMakeFiles/cmTC_4530f.dir/CheckFunctionExists.c.o  -o cmTC_4530f 
/usr/bin/ld : CMakeFiles/cmTC_4530f.dir/CheckFunctionExists.c.o : dans la fonction « main » :
CheckFunctionExists.c:(.text+0x14) : référence indéfinie vers « lrintf »
collect2: error: ld returned 1 exit status
make[1]: *** [CMakeFiles/cmTC_4530f.dir/build.make:87 : cmTC_4530f] Erreur 1
make[1] : on quitte le répertoire « /root/mumble/build/CMakeFiles/CMakeTmp »
make: *** [Makefile:121 : cmTC_4530f/fast] Erreur 2



Determining if the function lrint exists failed with the following output:
Change Dir: /root/mumble/build/CMakeFiles/CMakeTmp

Run Build Command(s):/usr/bin/make cmTC_cf144/fast && /usr/bin/make -f CMakeFiles/cmTC_cf144.dir/build.make CMakeFiles/cmTC_cf144.dir/build
make[1] : on entre dans le répertoire « /root/mumble/build/CMakeFiles/CMakeTmp »
Building C object CMakeFiles/cmTC_cf144.dir/CheckFunctionExists.c.o
/usr/bin/cc   -DCHECK_FUNCTION_EXISTS=lrint -fPIE   -o CMakeFiles/cmTC_cf144.dir/CheckFunctionExists.c.o   -c /usr/share/cmake-3.16/Modules/CheckFunctionExists.c
<command-line>: warning: conflicting types for built-in function ‘lrint’; expected ‘long int(double)’ [-Wbuiltin-declaration-mismatch]
/usr/share/cmake-3.16/Modules/CheckFunctionExists.c:7:3: note: in expansion of macro ‘CHECK_FUNCTION_EXISTS’
    7 |   CHECK_FUNCTION_EXISTS(void);
      |   ^~~~~~~~~~~~~~~~~~~~~
/usr/share/cmake-3.16/Modules/CheckFunctionExists.c:1:1: note: ‘lrint’ is declared in header ‘<math.h>’
  +++ |+#include <math.h>
    1 | #ifdef CHECK_FUNCTION_EXISTS
Linking C executable cmTC_cf144
/usr/bin/cmake -E cmake_link_script CMakeFiles/cmTC_cf144.dir/link.txt --verbose=1
/usr/bin/cc  -DCHECK_FUNCTION_EXISTS=lrint    CMakeFiles/cmTC_cf144.dir/CheckFunctionExists.c.o  -o cmTC_cf144 
/usr/bin/ld : CMakeFiles/cmTC_cf144.dir/CheckFunctionExists.c.o : dans la fonction « main » :
CheckFunctionExists.c:(.text+0x14) : référence indéfinie vers « lrint »
collect2: error: ld returned 1 exit status
make[1]: *** [CMakeFiles/cmTC_cf144.dir/build.make:87 : cmTC_cf144] Erreur 1
make[1] : on quitte le répertoire « /root/mumble/build/CMakeFiles/CMakeTmp »
make: *** [Makefile:121 : cmTC_cf144/fast] Erreur 2



